#
# There is insufficient memory for the Java Runtime Environment to continue.
# Native memory allocation (mmap) failed to map 65536 bytes for Failed to commit metaspace.
# Possible reasons:
#   The system is out of physical RAM or swap space
#   The process is running with CompressedOops enabled, and the Java Heap may be blocking the growth of the native heap
# Possible solutions:
#   Reduce memory load on the system
#   Increase physical memory or swap space
#   Check if swap backing store is full
#   Decrease Java heap size (-Xmx/-Xms)
#   Decrease number of Java threads
#   Decrease Java thread stack sizes (-Xss)
#   Set larger code cache with -XX:ReservedCodeCacheSize=
#   JVM is running with Unscaled Compressed Oops mode in which the Java heap is
#     placed in the first 4GB address space. The Java Heap base address is the
#     maximum limit for the native heap growth. Please use -XX:HeapBaseMinAddress
#     to set the Java Heap base and to place the Java Heap above 4GB virtual address.
# This output file may be truncated or incomplete.
#
#  Out of Memory Error (virtualSpaceNode.cpp:110), pid=13356, tid=1544
#
# JRE version: OpenJDK Runtime Environment (17.0.10) (build 17.0.10+0--11609105)
# Java VM: OpenJDK 64-Bit Server VM (17.0.10+0--11609105, mixed mode, tiered, compressed oops, compressed class ptrs, g1 gc, windows-amd64)
# No core dump will be written. Minidumps are not enabled by default on client versions of Windows
#

---------------  S U M M A R Y ------------

Command Line: -Dorg.gradle.appname=gradlew org.gradle.wrapper.GradleWrapperMain -q -Ptarget-platform=android-x64 -Ptarget=C:\Users\USER\AndroidStudioProjects\tz_garage_app\lib\main.dart -Pbase-application-name=android.app.Application -Pdart-defines=Zmx1dHRlci5pbnNwZWN0b3Iuc3RydWN0dXJlZEVycm9ycz10cnVl,RkxVVFRFUl9XRUJfQ0FOVkFTS0lUX1VSTD1odHRwczovL3d3dy5nc3RhdGljLmNvbS9mbHV0dGVyLWNhbnZhc2tpdC9lZGQ4NTQ2MTE2NDU3YmRmMWM1YmRmYjEzZWNiOTQ2M2QyYmI1ZWQ0Lw== -Pdart-obfuscation=false -Ptrack-widget-creation=true -Ptree-shake-icons=false -Pfilesystem-scheme=org-dartlang-root assembleDebug

Host: Intel(R) Core(TM) i5-6300U CPU @ 2.40GHz, 4 cores, 7G,  Windows 10 , 64 bit Build 19041 (10.0.19041.3636)
Time: Wed Jun 26 05:19:01 2024 Malay Peninsula Standard Time elapsed time: 6.323330 seconds (0d 0h 0m 6s)

---------------  T H R E A D  ---------------

Current thread (0x00000248ebddd600):  JavaThread "main" [_thread_in_vm, id=1544, stack(0x0000009542100000,0x0000009542200000)]

Stack: [0x0000009542100000,0x0000009542200000]
Native frames: (J=compiled Java code, j=interpreted, Vv=VM code, C=native code)
V  [jvm.dll+0x688de9]
V  [jvm.dll+0x8423da]
V  [jvm.dll+0x84401e]
V  [jvm.dll+0x844683]
V  [jvm.dll+0x24be0f]
V  [jvm.dll+0x83d3bb]
V  [jvm.dll+0x62d4a6]
V  [jvm.dll+0x1c28ce]
V  [jvm.dll+0x62fe01]
V  [jvm.dll+0x62de46]
V  [jvm.dll+0x23facf]
V  [jvm.dll+0x637cf5]
V  [jvm.dll+0x1eeaab]
V  [jvm.dll+0x1eefe5]
V  [jvm.dll+0x1ef985]
V  [jvm.dll+0x1e4e1c]
V  [jvm.dll+0x54dd1c]
V  [jvm.dll+0x7bb7a5]
V  [jvm.dll+0x7bb8be]
V  [jvm.dll+0x41628a]
V  [jvm.dll+0x41c429]
C  [java.dll+0x17ec]

Java frames: (J=compiled Java code, j=interpreted, Vv=VM code)
J 737  java.lang.ClassLoader.defineClass1(Ljava/lang/ClassLoader;Ljava/lang/String;[BIILjava/security/ProtectionDomain;Ljava/lang/String;)Ljava/lang/Class; java.base@17.0.10 (0 bytes) @ 0x0000024887b0e1db [0x0000024887b0e120+0x00000000000000bb]
J 910 c1 java.lang.ClassLoader.defineClass(Ljava/lang/String;[BIILjava/security/ProtectionDomain;)Ljava/lang/Class; java.base@17.0.10 (43 bytes) @ 0x00000248801a9dc4 [0x00000248801a9a80+0x0000000000000344]
J 841 c1 java.security.SecureClassLoader.defineClass(Ljava/lang/String;[BIILjava/security/CodeSource;)Ljava/lang/Class; java.base@17.0.10 (16 bytes) @ 0x0000024880189c0c [0x0000024880189b40+0x00000000000000cc]
J 766 c1 java.net.URLClassLoader.defineClass(Ljava/lang/String;Ljdk/internal/loader/Resource;)Ljava/lang/Class; java.base@17.0.10 (224 bytes) @ 0x0000024880157724 [0x0000024880155d40+0x00000000000019e4]
J 734 c1 java.net.URLClassLoader$1.run()Ljava/lang/Class; java.base@17.0.10 (81 bytes) @ 0x0000024880146ce4 [0x00000248801460a0+0x0000000000000c44]
J 687 c1 java.net.URLClassLoader$1.run()Ljava/lang/Object; java.base@17.0.10 (5 bytes) @ 0x000002488012da44 [0x000002488012d9c0+0x0000000000000084]
J 608 c1 java.security.AccessController.doPrivileged(Ljava/security/PrivilegedExceptionAction;Ljava/security/AccessControlContext;)Ljava/lang/Object; java.base@17.0.10 (26 bytes) @ 0x00000248800fa574 [0x00000248800fa3a0+0x00000000000001d4]
J 685 c1 java.net.URLClassLoader.findClass(Ljava/lang/String;)Ljava/lang/Class; java.base@17.0.10 (47 bytes) @ 0x000002488012cd14 [0x000002488012cb80+0x0000000000000194]
J 584 c1 java.lang.ClassLoader.loadClass(Ljava/lang/String;Z)Ljava/lang/Class; java.base@17.0.10 (121 bytes) @ 0x00000248800f0b5c [0x00000248800f05c0+0x000000000000059c]
J 572 c1 java.lang.ClassLoader.loadClass(Ljava/lang/String;)Ljava/lang/Class; java.base@17.0.10 (7 bytes) @ 0x00000248800e7dbc [0x00000248800e7cc0+0x00000000000000fc]
v  ~StubRoutines::call_stub
j  org.gradle.internal.logging.serializer.SpanSerializer.read(Lorg/gradle/internal/serialize/Decoder;)Lorg/gradle/internal/logging/events/StyledTextOutputEvent$Span;+0
j  org.gradle.internal.logging.serializer.SpanSerializer.read(Lorg/gradle/internal/serialize/Decoder;)Ljava/lang/Object;+2
j  org.gradle.internal.serialize.AbstractCollectionSerializer.read(Lorg/gradle/internal/serialize/Decoder;)Ljava/util/Collection;+28
j  org.gradle.internal.serialize.AbstractCollectionSerializer.read(Lorg/gradle/internal/serialize/Decoder;)Ljava/lang/Object;+2
j  org.gradle.internal.logging.serializer.StyledTextOutputEventSerializer.read(Lorg/gradle/internal/serialize/Decoder;)Lorg/gradle/internal/logging/events/StyledTextOutputEvent;+63
j  org.gradle.internal.logging.serializer.StyledTextOutputEventSerializer.read(Lorg/gradle/internal/serialize/Decoder;)Ljava/lang/Object;+2
j  org.gradle.internal.serialize.DefaultSerializerRegistry$TaggedTypeSerializer.read(Lorg/gradle/internal/serialize/Decoder;)Ljava/lang/Object;+60
j  org.gradle.launcher.daemon.protocol.DaemonMessageSerializer$OutputMessageSerializer.read(Lorg/gradle/internal/serialize/Decoder;)Lorg/gradle/launcher/daemon/protocol/OutputMessage;+9
j  org.gradle.launcher.daemon.protocol.DaemonMessageSerializer$OutputMessageSerializer.read(Lorg/gradle/internal/serialize/Decoder;)Ljava/lang/Object;+2
j  org.gradle.internal.serialize.DefaultSerializerRegistry$TaggedTypeSerializer.read(Lorg/gradle/internal/serialize/Decoder;)Ljava/lang/Object;+60
j  org.gradle.internal.serialize.Serializers$StatefulSerializerAdapter$1.read()Ljava/lang/Object;+11
j  org.gradle.internal.remote.internal.inet.SocketConnection.receive()Ljava/lang/Object;+4
j  org.gradle.launcher.daemon.client.DaemonClientConnection.receive()Lorg/gradle/launcher/daemon/protocol/Message;+4
j  org.gradle.launcher.daemon.client.DaemonClientConnection.receive()Ljava/lang/Object;+1
j  org.gradle.launcher.daemon.client.DaemonClient.monitorBuild(Lorg/gradle/launcher/daemon/protocol/Build;Lorg/gradle/launcher/daemon/diagnostics/DaemonDiagnostics;Lorg/gradle/internal/remote/internal/Connection;Lorg/gradle/initialization/BuildCancellationToken;Lorg/gradle/initialization/BuildEventConsumer;)Ljava/lang/Object;+44
j  org.gradle.launcher.daemon.client.DaemonClient.executeBuild(Lorg/gradle/launcher/daemon/protocol/Build;Lorg/gradle/launcher/daemon/client/DaemonClientConnection;Lorg/gradle/initialization/BuildCancellationToken;Lorg/gradle/initialization/BuildEventConsumer;)Lorg/gradle/launcher/exec/BuildActionResult;+128
j  org.gradle.launcher.daemon.client.DaemonClient.execute(Lorg/gradle/internal/invocation/BuildAction;Lorg/gradle/launcher/exec/BuildActionParameters;Lorg/gradle/initialization/BuildRequestContext;)Lorg/gradle/launcher/exec/BuildActionResult;+135
j  org.gradle.launcher.daemon.client.DaemonClient.execute(Lorg/gradle/internal/invocation/BuildAction;Ljava/lang/Object;Ljava/lang/Object;)Lorg/gradle/launcher/exec/BuildActionResult;+10
j  org.gradle.launcher.cli.RunBuildAction.run()V+74
j  org.gradle.internal.Actions$RunnableActionAdapter.execute(Ljava/lang/Object;)V+4
j  org.gradle.launcher.cli.DefaultCommandLineActionFactory$ParseAndBuildAction.execute(Lorg/gradle/launcher/bootstrap/ExecutionListener;)V+60
j  org.gradle.launcher.cli.DefaultCommandLineActionFactory$ParseAndBuildAction.execute(Ljava/lang/Object;)V+5
j  org.gradle.launcher.cli.DebugLoggerWarningAction.execute(Lorg/gradle/launcher/bootstrap/ExecutionListener;)V+9
j  org.gradle.launcher.cli.DebugLoggerWarningAction.execute(Ljava/lang/Object;)V+5
j  org.gradle.launcher.cli.WelcomeMessageAction.execute(Lorg/gradle/launcher/bootstrap/ExecutionListener;)V+218
j  org.gradle.launcher.cli.WelcomeMessageAction.execute(Ljava/lang/Object;)V+5
j  org.gradle.launcher.cli.NativeServicesInitializingAction.execute(Lorg/gradle/launcher/bootstrap/ExecutionListener;)V+35
j  org.gradle.launcher.cli.NativeServicesInitializingAction.execute(Ljava/lang/Object;)V+5
j  org.gradle.launcher.cli.ExceptionReportingAction.execute(Lorg/gradle/launcher/bootstrap/ExecutionListener;)V+5
j  org.gradle.launcher.cli.ExceptionReportingAction.execute(Ljava/lang/Object;)V+5
j  org.gradle.launcher.cli.DefaultCommandLineActionFactory$WithLogging.execute(Lorg/gradle/launcher/bootstrap/ExecutionListener;)V+299
j  org.gradle.launcher.Main.doAction([Ljava/lang/String;Lorg/gradle/launcher/bootstrap/ExecutionListener;)V+14
j  org.gradle.launcher.bootstrap.EntryPoint.run([Ljava/lang/String;)V+12
v  ~StubRoutines::call_stub
j  jdk.internal.reflect.NativeMethodAccessorImpl.invoke0(Ljava/lang/reflect/Method;Ljava/lang/Object;[Ljava/lang/Object;)Ljava/lang/Object;+0 java.base@17.0.10
j  jdk.internal.reflect.NativeMethodAccessorImpl.invoke(Ljava/lang/Object;[Ljava/lang/Object;)Ljava/lang/Object;+133 java.base@17.0.10
j  jdk.internal.reflect.DelegatingMethodAccessorImpl.invoke(Ljava/lang/Object;[Ljava/lang/Object;)Ljava/lang/Object;+6 java.base@17.0.10
j  java.lang.reflect.Method.invoke(Ljava/lang/Object;[Ljava/lang/Object;)Ljava/lang/Object;+59 java.base@17.0.10
j  org.gradle.launcher.bootstrap.ProcessBootstrap.runNoExit(Ljava/lang/String;[Ljava/lang/String;)V+159
j  org.gradle.launcher.bootstrap.ProcessBootstrap.run(Ljava/lang/String;[Ljava/lang/String;)V+2
v  ~StubRoutines::call_stub
j  jdk.internal.reflect.NativeMethodAccessorImpl.invoke0(Ljava/lang/reflect/Method;Ljava/lang/Object;[Ljava/lang/Object;)Ljava/lang/Object;+0 java.base@17.0.10
j  jdk.internal.reflect.NativeMethodAccessorImpl.invoke(Ljava/lang/Object;[Ljava/lang/Object;)Ljava/lang/Object;+133 java.base@17.0.10
j  jdk.internal.reflect.DelegatingMethodAccessorImpl.invoke(Ljava/lang/Object;[Ljava/lang/Object;)Ljava/lang/Object;+6 java.base@17.0.10
j  java.lang.reflect.Method.invoke(Ljava/lang/Object;[Ljava/lang/Object;)Ljava/lang/Object;+59 java.base@17.0.10
j  org.gradle.launcher.GradleMain.main([Ljava/lang/String;)V+100
v  ~StubRoutines::call_stub
j  jdk.internal.reflect.NativeMethodAccessorImpl.invoke0(Ljava/lang/reflect/Method;Ljava/lang/Object;[Ljava/lang/Object;)Ljava/lang/Object;+0 java.base@17.0.10
j  jdk.internal.reflect.NativeMethodAccessorImpl.invoke(Ljava/lang/Object;[Ljava/lang/Object;)Ljava/lang/Object;+133 java.base@17.0.10
j  jdk.internal.reflect.DelegatingMethodAccessorImpl.invoke(Ljava/lang/Object;[Ljava/lang/Object;)Ljava/lang/Object;+6 java.base@17.0.10
j  java.lang.reflect.Method.invoke(Ljava/lang/Object;[Ljava/lang/Object;)Ljava/lang/Object;+59 java.base@17.0.10
j  org.gradle.wrapper.BootstrapMainStarter.start([Ljava/lang/String;Ljava/io/File;)V+82
j  org.gradle.wrapper.WrapperExecutor.execute([Ljava/lang/String;Lorg/gradle/wrapper/Install;Lorg/gradle/wrapper/BootstrapMainStarter;)V+14
j  org.gradle.wrapper.GradleWrapperMain.main([Ljava/lang/String;)V+190
v  ~StubRoutines::call_stub

Compiled method (n/a)    6410  737     n 0       java.lang.ClassLoader::defineClass1 (native)
 total in heap  [0x0000024887b0df90,0x0000024887b0e468] = 1240
 relocation     [0x0000024887b0e0e8,0x0000024887b0e120] = 56
 main code      [0x0000024887b0e120,0x0000024887b0e468] = 840

[Constant Pool (empty)]

[MachCode]
[Entry Point]
  # {method} {0x00000248f9024f38} 'defineClass1' '(Ljava/lang/ClassLoader;Ljava/lang/String;[BIILjava/security/ProtectionDomain;Ljava/lang/String;)Ljava/lang/Class;' in 'java/lang/ClassLoader'
  # parm0:    rdx:rdx   = 'java/lang/ClassLoader'
  # parm1:    r8:r8     = 'java/lang/String'
  # parm2:    r9:r9     = '[B'
  # parm3:    rdi       = int
  # parm4:    rsi       = int
  # parm5:    rcx:rcx   = 'java/security/ProtectionDomain'
  # parm6:    [sp+0xa0]   = 'java/lang/String'  (sp of caller)
  0x0000024887b0e120: 448b 5208 | 49c1 e203 | 493b c20f | 8407 0000 

  0x0000024887b0e130: ;   {runtime_call ic_miss_stub}
  0x0000024887b0e130: 00e9 4a2f | a7ff 6690 
[Verified Entry Point]
  0x0000024887b0e138: 8984 2400 | 90ff ff55 | 488b ec48 | 81ec 9000 | 0000 4881 | 7d10 0000 | 0000 488d | 4510 480f 
  0x0000024887b0e158: 4445 1048 | 8944 2440 | 4889 4c24 | 7048 83f9 | 0048 8d44 | 2470 480f | 4444 2470 | 4889 4424 
  0x0000024887b0e178: 3848 8974 | 2430 4889 | 7c24 284c | 894c 2458 | 4983 f900 | 488d 4424 | 5848 0f44 | 4424 5848 
  0x0000024887b0e198: 8944 2420 | 4c89 4424 | 5049 83f8 | 004c 8d4c | 2450 4c0f | 444c 2450 | 4889 5424 | 4848 83fa 
  0x0000024887b0e1b8: 004c 8d44 | 2448 4c0f | 4444 2448 

  0x0000024887b0e1c4: ;   {oop(a 'java/lang/Class'{0x0000000081c37090} = 'java/lang/ClassLoader')}
  0x0000024887b0e1c4: 49be 9070 | c381 0000 | 0000 4c89 | 7424 784c | 8d74 2478 | 498b d6c5 

  0x0000024887b0e1dc: ;   {internal_word}
  0x0000024887b0e1dc: f877 49ba | dbe1 b087 | 4802 0000 | 4d89 97a0 | 0200 0049 | 89a7 9802 

  0x0000024887b0e1f4: ;   {external_word}
  0x0000024887b0e1f4: 0000 49ba | 8839 04ab | f97f 0000 | 4180 3a00 | 0f84 5200 | 0000 5241 

  0x0000024887b0e20c: ;   {metadata({method} {0x00000248f9024f38} 'defineClass1' '(Ljava/lang/ClassLoader;Ljava/lang/String;[BIILjava/security/ProtectionDomain;Ljava/lang/String;)Ljava/lang/Class;' in 'java/lang/ClassLoader')}
  0x0000024887b0e20c: 5041 5148 | ba30 4f02 | f948 0200 | 0049 8bcf | 4883 ec20 | f7c4 0f00 | 0000 0f84 | 1a00 0000 
  0x0000024887b0e22c: 4883 ec08 

  0x0000024887b0e230: ;   {runtime_call}
  0x0000024887b0e230: 49ba 10f3 | b9aa f97f | 0000 41ff | d248 83c4 | 08e9 0d00 

  0x0000024887b0e244: ;   {runtime_call}
  0x0000024887b0e244: 0000 49ba | 10f3 b9aa | f97f 0000 | 41ff d248 | 83c4 2041 | 5941 585a | 498d 8fb8 | 0200 0041 
  0x0000024887b0e264: c787 4803 | 0000 0400 

  0x0000024887b0e26c: ;   {runtime_call}
  0x0000024887b0e26c: 0000 49ba | ac16 6ed7 | f97f 0000 | 41ff d2c5 | f877 41c7 | 8748 0300 | 0005 0000 | 00f0 8344 
  0x0000024887b0e28c: 24c0 0049 | 3baf 5003 | 0000 0f87 | 1100 0000 | 4181 bf38 | 0300 0000 | 0000 000f | 842c 0000 
  0x0000024887b0e2ac: 00c5 f877 | 4889 45f8 | 498b cf4c | 8be4 4883 | ec20 4883 

  0x0000024887b0e2c0: ;   {runtime_call}
  0x0000024887b0e2c0: e4f0 49ba | 3011 caaa | f97f 0000 | 41ff d249 | 8be4 4d33 | e448 8b45 | f841 c787 | 4803 0000 
  0x0000024887b0e2e0: 0800 0000 | 4181 bfb8 | 0300 0002 | 0000 000f | 843f 0100 

  0x0000024887b0e2f4: ;   {external_word}
  0x0000024887b0e2f4: 0049 ba88 | 3904 abf9 | 7f00 0041 | 803a 000f | 8450 0000 | 0048 8945 

  0x0000024887b0e30c: ;   {metadata({method} {0x00000248f9024f38} 'defineClass1' '(Ljava/lang/ClassLoader;Ljava/lang/String;[BIILjava/security/ProtectionDomain;Ljava/lang/String;)Ljava/lang/Class;' in 'java/lang/ClassLoader')}
  0x0000024887b0e30c: f848 ba30 | 4f02 f948 | 0200 0049 | 8bcf 4883 | ec20 f7c4 | 0f00 0000 | 0f84 1a00 | 0000 4883 
  0x0000024887b0e32c: ;   {runtime_call}
  0x0000024887b0e32c: ec08 49ba | 10f3 b9aa | f97f 0000 | 41ff d248 | 83c4 08e9 | 0d00 0000 

  0x0000024887b0e344: ;   {runtime_call}
  0x0000024887b0e344: 49ba 10f3 | b9aa f97f | 0000 41ff | d248 83c4 | 2048 8b45 | f849 c787 | 9802 0000 | 0000 0000 
  0x0000024887b0e364: 49c7 87a0 | 0200 0000 | 0000 00c5 | f877 4885 | c00f 8493 | 0000 0048 | f7c0 0100 | 0000 0f84 
  0x0000024887b0e384: 8300 0000 | 488b 40ff | 4180 7f38 | 000f 846f | 0000 0048 | 83f8 000f | 8465 0000 | 0049 8b4f 
  0x0000024887b0e3a4: 2048 83f9 | 000f 8414 | 0000 0048 | 83e9 0849 | 894f 2049 | 034f 3048 | 8901 e943 | 0000 0050 
  0x0000024887b0e3c4: 498b d748 | 8bc8 4883 | ec20 f7c4 | 0f00 0000 | 0f84 1a00 | 0000 4883 

  0x0000024887b0e3dc: ;   {runtime_call}
  0x0000024887b0e3dc: ec08 49ba | 908f 78aa | f97f 0000 | 41ff d248 | 83c4 08e9 | 0d00 0000 

  0x0000024887b0e3f4: ;   {runtime_call}
  0x0000024887b0e3f4: 49ba 908f | 78aa f97f | 0000 41ff | d248 83c4 | 2058 e903 | 0000 0048 | 8b00 498b | 8fd8 0000 
  0x0000024887b0e414: 00c7 8100 | 0100 0000 | 0000 00c9 | 4981 7f08 | 0000 0000 | 0f85 0100 

  0x0000024887b0e42c: ;   {runtime_call StubRoutines (1)}
  0x0000024887b0e42c: 0000 c3e9 | cc2a a2ff | c5f8 7748 | 8945 f84c | 8be4 4883 | ec20 4883 

  0x0000024887b0e444: ;   {runtime_call}
  0x0000024887b0e444: e4f0 49ba | 9023 baaa | f97f 0000 | 41ff d249 | 8be4 4d33 | e448 8b45 | f8e9 93fe | ffff f4f4 
  0x0000024887b0e464: f4f4 f4f4 
[/MachCode]


Compiled method (c1)    6428  910       3       java.lang.ClassLoader::defineClass (43 bytes)
 total in heap  [0x00000248801a9890,0x00000248801aa1a8] = 2328
 relocation     [0x00000248801a99e8,0x00000248801a9a78] = 144
 main code      [0x00000248801a9a80,0x00000248801a9f00] = 1152
 stub code      [0x00000248801a9f00,0x00000248801a9f78] = 120
 metadata       [0x00000248801a9f78,0x00000248801a9fa8] = 48
 scopes data    [0x00000248801a9fa8,0x00000248801aa098] = 240
 scopes pcs     [0x00000248801aa098,0x00000248801aa178] = 224
 dependencies   [0x00000248801aa178,0x00000248801aa180] = 8
 nul chk table  [0x00000248801aa180,0x00000248801aa1a8] = 40

[Constant Pool (empty)]

[MachCode]
[Entry Point]
  # {method} {0x00000248f9024d18} 'defineClass' '(Ljava/lang/String;[BIILjava/security/ProtectionDomain;)Ljava/lang/Class;' in 'java/lang/ClassLoader'
  # this:     rdx:rdx   = 'java/lang/ClassLoader'
  # parm0:    r8:r8     = 'java/lang/String'
  # parm1:    r9:r9     = '[B'
  # parm2:    rdi       = int
  # parm3:    rsi       = int
  # parm4:    rcx:rcx   = 'java/security/ProtectionDomain'
  #           [sp+0xc0]  (sp of caller)
  0x00000248801a9a80: 448b 5208 | 49c1 e203 

  0x00000248801a9a88: ;   {runtime_call ic_miss_stub}
  0x00000248801a9a88: 4c3b d00f | 85ef 753d | 0766 6666 | 0f1f 8400 | 0000 0000 | 6666 6690 
[Verified Entry Point]
  0x00000248801a9aa0: 8984 2400 | 90ff ff55 | 4881 ecb0 | 0000 0048 | 8954 2478 

  0x00000248801a9ab4: ;   {metadata(method data for {method} {0x00000248f9024d18} 'defineClass' '(Ljava/lang/String;[BIILjava/security/ProtectionDomain;)Ljava/lang/Class;' in 'java/lang/ClassLoader')}
  0x00000248801a9ab4: 48bb 98f1 | 9ef9 4802 | 0000 8b83 | cc00 0000 | 83c0 0289 | 83cc 0000 | 0081 e0fe | 0700 0083 
  0x00000248801a9ad4: f800 0f84 | 3e03 0000 | 89b4 2494 | 0000 0089 | bc24 9000 | 0000 4c89 | 8c24 8800 | 0000 488b 
  0x00000248801a9af4: ;   {metadata(method data for {method} {0x00000248f9024d18} 'defineClass' '(Ljava/lang/String;[BIILjava/security/ProtectionDomain;)Ljava/lang/Class;' in 'java/lang/ClassLoader')}
  0x00000248801a9af4: da48 b898 | f19e f948 | 0200 0048 | 8380 1001 | 0000 0149 | 8bd8 4c8b | c34c 8bc9 | 488b ca48 
  0x00000248801a9b14: 8bd1 4889 | 9c24 8000 

  0x00000248801a9b1c: ;   {optimized virtual_call}
  0x00000248801a9b1c: 0000 90e8 

  0x00000248801a9b20: ; ImmutableOopMap {[120]=Oop [136]=Oop [128]=Oop }
                      ;*invokevirtual preDefineClass {reexecute=0 rethrow=0 return_oop=0}
                      ; - java.lang.ClassLoader::defineClass@4 (line 1015)
  0x00000248801a9b20: 7c2c feff | 4889 8424 | 9800 0000 | 488b 5424 

  0x00000248801a9b30: ;   {metadata(method data for {method} {0x00000248f9024d18} 'defineClass' '(Ljava/lang/String;[BIILjava/security/ProtectionDomain;)Ljava/lang/Class;' in 'java/lang/ClassLoader')}
  0x00000248801a9b30: 7849 b898 | f19e f948 | 0200 0049 | 8380 4801 

  0x00000248801a9b40: ;   {metadata(method data for {method} {0x00000248f9024ae0} 'defineClassSourceLocation' '(Ljava/security/ProtectionDomain;)Ljava/lang/String;' in 'java/lang/ClassLoader')}
  0x00000248801a9b40: 0000 0149 | b8b0 0a9f | f948 0200 | 0041 8b90 | cc00 0000 | 83c2 0241 | 8990 cc00 | 0000 81e2 
  0x00000248801a9b60: feff 1f00 | 83fa 000f | 84ce 0200 | 0048 3b00 

  0x00000248801a9b70: ;   {metadata(method data for {method} {0x00000248f9024ae0} 'defineClassSourceLocation' '(Ljava/security/ProtectionDomain;)Ljava/lang/String;' in 'java/lang/ClassLoader')}
  0x00000248801a9b70: 4c8b c048 | bab0 0a9f | f948 0200 | 0048 8382 | 1001 0000 | 0144 8b40 | 1049 83f8 

  0x00000248801a9b8c: ;   {metadata(method data for {method} {0x00000248f9024ae0} 'defineClassSourceLocation' '(Ljava/security/ProtectionDomain;)Ljava/lang/String;' in 'java/lang/ClassLoader')}
  0x00000248801a9b8c: 0048 bab0 | 0a9f f948 | 0200 0048 | be58 0100 | 0000 0000 | 000f 850a | 0000 0048 | be48 0100 
  0x00000248801a9bac: 0000 0000 | 0048 8b3c | 3248 8d7f | 0148 893c | 320f 850f 

  0x00000248801a9bc0: ;   {oop(NULL)}
  0x00000248801a9bc0: 0000 0048 | bb00 0000 | 0000 0000 | 00e9 9d01 | 0000 493b | 0049 8bd0 

  0x00000248801a9bd8: ;   {metadata(method data for {method} {0x00000248f9024ae0} 'defineClassSourceLocation' '(Ljava/security/ProtectionDomain;)Ljava/lang/String;' in 'java/lang/ClassLoader')}
  0x00000248801a9bd8: 48be b00a | 9ff9 4802 | 0000 4883 | 8668 0100 | 0001 418b | 500c 4883 

  0x00000248801a9bf0: ;   {metadata(method data for {method} {0x00000248f9024ae0} 'defineClassSourceLocation' '(Ljava/security/ProtectionDomain;)Ljava/lang/String;' in 'java/lang/ClassLoader')}
  0x00000248801a9bf0: fa00 48be | b00a 9ff9 | 4802 0000 | 48bf b001 | 0000 0000 | 0000 0f85 | 0a00 0000 | 48bf a001 
  0x00000248801a9c10: 0000 0000 | 0000 488b | 1c3e 488d | 5b01 4889 | 1c3e 0f85 | 0f00 0000 

  0x00000248801a9c28: ;   {oop(NULL)}
  0x00000248801a9c28: 48bb 0000 | 0000 0000 | 0000 e938 

  0x00000248801a9c34: ;   {metadata(method data for {method} {0x00000248f9024ae0} 'defineClassSourceLocation' '(Ljava/security/ProtectionDomain;)Ljava/lang/String;' in 'java/lang/ClassLoader')}
  0x00000248801a9c34: 0100 0048 | beb0 0a9f | f948 0200 | 0048 8386 | c001 0000 | 0148 3b02 

  0x00000248801a9c4c: ;   {metadata(method data for {method} {0x00000248f9024ae0} 'defineClassSourceLocation' '(Ljava/security/ProtectionDomain;)Ljava/lang/String;' in 'java/lang/ClassLoader')}
  0x00000248801a9c4c: 4c8b c248 | beb0 0a9f | f948 0200 | 0048 8386 | f801 0000 

  0x00000248801a9c60: ;   {metadata(method data for {method} {0x00000248f90e87e8} 'toString' '()Ljava/lang/String;' in 'java/net/URL')}
  0x00000248801a9c60: 0149 b8e0 | 7976 f948 | 0200 0041 | 8bb0 cc00 | 0000 83c6 | 0241 89b0 | cc00 0000 | 81e6 feff 
  0x00000248801a9c80: 1f00 83fe | 000f 84e0 | 0100 004c 

  0x00000248801a9c8c: ;   {metadata(method data for {method} {0x00000248f90e87e8} 'toString' '()Ljava/lang/String;' in 'java/net/URL')}
  0x00000248801a9c8c: 8bc2 48be | e079 76f9 | 4802 0000 | 4883 8610 | 0100 0001 

  0x00000248801a9ca0: ;   {metadata(method data for {method} {0x00000248f90e88a0} 'toExternalForm' '()Ljava/lang/String;' in 'java/net/URL')}
  0x00000248801a9ca0: 49b8 687b | 76f9 4802 | 0000 418b | b0cc 0000 | 0083 c602 | 4189 b0cc | 0000 0081 | e6fe ff1f 
  0x00000248801a9cc0: 0083 fe00 | 0f84 c201 | 0000 8b72 | 3848 3b06 

  0x00000248801a9cd0: ;   {metadata(method data for {method} {0x00000248f90e88a0} 'toExternalForm' '()Ljava/lang/String;' in 'java/net/URL')}
  0x00000248801a9cd0: 4c8b c648 | bf68 7b76 | f948 0200 | 0045 8b40 | 0849 c1e0 | 034c 3b87 | 2001 0000 | 750d 4883 
  0x00000248801a9cf0: 8728 0100 | 0001 e966 | 0000 004c | 3b87 3001 | 0000 750d | 4883 8738 | 0100 0001 | e950 0000 
  0x00000248801a9d10: 0048 81bf | 2001 0000 | 0000 0000 | 7517 4c89 | 8720 0100 | 0048 c787 | 2801 0000 | 0100 0000 
  0x00000248801a9d30: e92c 0000 | 0048 81bf | 3001 0000 | 0000 0000 | 7517 4c89 | 8730 0100 | 0048 c787 | 3801 0000 
  0x00000248801a9d50: 0100 0000 | e908 0000 | 0048 8387 | 1001 0000 | 014c 8bc2 

  0x00000248801a9d64: ;   {optimized virtual_call}
  0x00000248801a9d64: 488b d6e8 

  0x00000248801a9d68: ; ImmutableOopMap {[120]=Oop [136]=Oop [128]=Oop [152]=Oop }
                      ;*invokevirtual toExternalForm {reexecute=0 rethrow=0 return_oop=0}
                      ; - java.net.URL::toExternalForm@5 (line 1039)
                      ; - java.net.URL::toString@1 (line 1025)
                      ; - java.lang.ClassLoader::defineClassSourceLocation@22 (line 917)
                      ; - java.lang.ClassLoader::defineClass@12 (line 1016)
  0x00000248801a9d68: d48c f9ff | 488b d848 | 8b84 2498 | 0000 008b | b424 9400 | 0000 8bbc | 2490 0000 | 004c 8b8c 
  0x00000248801a9d88: 2488 0000 | 004c 8b84 | 2480 0000 | 0048 8b54 

  0x00000248801a9d98: ;   {metadata(method data for {method} {0x00000248f9024d18} 'defineClass' '(Ljava/lang/String;[BIILjava/security/ProtectionDomain;)Ljava/lang/Class;' in 'java/lang/ClassLoader')}
  0x00000248801a9d98: 2478 48b9 | 98f1 9ef9 | 4802 0000 | 4883 8180 | 0100 0001 | 4c8b da49 | 8bd3 488b | c848 891c 
  0x00000248801a9db8: 2466 0f1f 

  0x00000248801a9dbc: ;   {static_call}
  0x00000248801a9dbc: 4400 00e8 

  0x00000248801a9dc0: ; ImmutableOopMap {[152]=Oop [120]=Oop }
                      ;*invokestatic defineClass1 {reexecute=0 rethrow=0 return_oop=0}
                      ; - java.lang.ClassLoader::defineClass@27 (line 1017)
  0x00000248801a9dc0: 7443 9607 | 488b 5424 

  0x00000248801a9dc8: ;   {metadata(method data for {method} {0x00000248f9024d18} 'defineClass' '(Ljava/lang/String;[BIILjava/security/ProtectionDomain;)Ljava/lang/Class;' in 'java/lang/ClassLoader')}
  0x00000248801a9dc8: 7849 b898 | f19e f948 | 0200 0049 | 8380 9001 | 0000 014c | 8bc0 4c8b | 8c24 9800 | 0000 488b 
  0x00000248801a9de8: 5424 7848 | 8984 24a0 | 0000 000f 

  0x00000248801a9df4: ;   {optimized virtual_call}
  0x00000248801a9df4: 1f40 00e8 

  0x00000248801a9df8: ; ImmutableOopMap {[160]=Oop }
                      ;*invokevirtual postDefineClass {reexecute=0 rethrow=0 return_oop=0}
                      ; - java.lang.ClassLoader::defineClass@37 (line 1018)
  0x00000248801a9df8: a425 faff | 488b 8424 | a000 0000 | 4881 c4b0 | 0000 005d 

  0x00000248801a9e0c: ;   {poll_return}
  0x00000248801a9e0c: 493b a750 | 0300 000f | 8799 0000 

  0x00000248801a9e18: ;   {metadata({method} {0x00000248f9024d18} 'defineClass' '(Ljava/lang/String;[BIILjava/security/ProtectionDomain;)Ljava/lang/Class;' in 'java/lang/ClassLoader')}
  0x00000248801a9e18: 00c3 49ba | 104d 02f9 | 4802 0000 | 4c89 5424 | 0848 c704 | 24ff ffff 

  0x00000248801a9e30: ;   {runtime_call counter_overflow Runtime1 stub}
  0x00000248801a9e30: ffe8 4afc 

  0x00000248801a9e34: ; ImmutableOopMap {rdx=Oop [120]=Oop r8=Oop r9=Oop rcx=Oop }
                      ;*synchronization entry
                      ; - java.lang.ClassLoader::defineClass@-1 (line 1015)
  0x00000248801a9e34: 4707 e9a1 

  0x00000248801a9e38: ;   {metadata({method} {0x00000248f9024ae0} 'defineClassSourceLocation' '(Ljava/security/ProtectionDomain;)Ljava/lang/String;' in 'java/lang/ClassLoader')}
  0x00000248801a9e38: fcff ff49 | bad8 4a02 | f948 0200 | 004c 8954 | 2408 48c7 | 0424 ffff 

  0x00000248801a9e50: ;   {runtime_call counter_overflow Runtime1 stub}
  0x00000248801a9e50: ffff e829 

  0x00000248801a9e54: ; ImmutableOopMap {[120]=Oop [136]=Oop [128]=Oop rax=Oop [152]=Oop }
                      ;*synchronization entry
                      ; - java.lang.ClassLoader::defineClassSourceLocation@-1 (line 914)
                      ; - java.lang.ClassLoader::defineClass@12 (line 1016)
  0x00000248801a9e54: fc47 07e9 | 11fd ffff 

  0x00000248801a9e5c: ;   {runtime_call throw_null_pointer_exception Runtime1 stub}
  0x00000248801a9e5c: e83f ab47 

  0x00000248801a9e60: ; ImmutableOopMap {[120]=Oop [136]=Oop [128]=Oop rax=Oop [152]=Oop }
                      ;*invokevirtual getCodeSource {reexecute=0 rethrow=0 return_oop=0}
                      ; - java.lang.ClassLoader::defineClassSourceLocation@1 (line 914)
                      ; - java.lang.ClassLoader::defineClass@12 (line 1016)
                      ;   {runtime_call throw_null_pointer_exception Runtime1 stub}
  0x00000248801a9e60: 07e8 3aab 

  0x00000248801a9e64: ; ImmutableOopMap {[120]=Oop [136]=Oop [128]=Oop rax=Oop [152]=Oop r8=Oop }
                      ;*invokevirtual getLocation {reexecute=0 rethrow=0 return_oop=0}
                      ; - java.lang.ClassLoader::defineClassSourceLocation@12 (line 916)
                      ; - java.lang.ClassLoader::defineClass@12 (line 1016)
                      ;   {runtime_call throw_null_pointer_exception Runtime1 stub}
  0x00000248801a9e64: 4707 e835 

  0x00000248801a9e68: ; ImmutableOopMap {[120]=Oop [136]=Oop [128]=Oop [152]=Oop rdx=Oop }
                      ;*invokevirtual toString {reexecute=0 rethrow=0 return_oop=0}
                      ; - java.lang.ClassLoader::defineClassSourceLocation@22 (line 917)
                      ; - java.lang.ClassLoader::defineClass@12 (line 1016)
                      ;   {metadata({method} {0x00000248f90e87e8} 'toString' '()Ljava/lang/String;' in 'java/net/URL')}
  0x00000248801a9e68: ab47 0749 | bae0 870e | f948 0200 | 004c 8954 | 2408 48c7 | 0424 ffff 

  0x00000248801a9e80: ;   {runtime_call counter_overflow Runtime1 stub}
  0x00000248801a9e80: ffff e8f9 

  0x00000248801a9e84: ; ImmutableOopMap {[120]=Oop [136]=Oop [128]=Oop [152]=Oop rdx=Oop }
                      ;*synchronization entry
                      ; - java.net.URL::toString@-1 (line 1025)
                      ; - java.lang.ClassLoader::defineClassSourceLocation@22 (line 917)
                      ; - java.lang.ClassLoader::defineClass@12 (line 1016)
  0x00000248801a9e84: fb47 07e9 | fffd ffff 

  0x00000248801a9e8c: ;   {metadata({method} {0x00000248f90e88a0} 'toExternalForm' '()Ljava/lang/String;' in 'java/net/URL')}
  0x00000248801a9e8c: 49ba 9888 | 0ef9 4802 | 0000 4c89 | 5424 0848 | c704 24ff 

  0x00000248801a9ea0: ;   {runtime_call counter_overflow Runtime1 stub}
  0x00000248801a9ea0: ffff ffe8 

  0x00000248801a9ea4: ; ImmutableOopMap {[120]=Oop [136]=Oop [128]=Oop [152]=Oop rdx=Oop }
                      ;*synchronization entry
                      ; - java.net.URL::toExternalForm@-1 (line 1039)
                      ; - java.net.URL::toString@1 (line 1025)
                      ; - java.lang.ClassLoader::defineClassSourceLocation@22 (line 917)
                      ; - java.lang.ClassLoader::defineClass@12 (line 1016)
  0x00000248801a9ea4: d8fb 4707 | e91d feff 

  0x00000248801a9eac: ;   {runtime_call throw_null_pointer_exception Runtime1 stub}
  0x00000248801a9eac: ffe8 eeaa 

  0x00000248801a9eb0: ; ImmutableOopMap {[120]=Oop [136]=Oop [128]=Oop [152]=Oop rdx=Oop rsi=Oop }
                      ;*invokevirtual toExternalForm {reexecute=0 rethrow=0 return_oop=0}
                      ; - java.net.URL::toExternalForm@5 (line 1039)
                      ; - java.net.URL::toString@1 (line 1025)
                      ; - java.lang.ClassLoader::defineClassSourceLocation@22 (line 917)
                      ; - java.lang.ClassLoader::defineClass@12 (line 1016)
                      ;   {internal_word}
  0x00000248801a9eb0: 4707 49ba | 0c9e 1a80 | 4802 0000 | 4d89 9768 

  0x00000248801a9ec0: ;   {runtime_call SafepointBlob}
  0x00000248801a9ec0: 0300 00e9 | 38db 3d07 | 9090 498b | 87e0 0300 | 0049 c787 | e003 0000 | 0000 0000 | 49c7 87e8 
  0x00000248801a9ee0: 0300 0000 | 0000 0048 | 81c4 b000 

  0x00000248801a9eec: ;   {runtime_call unwind_exception Runtime1 stub}
  0x00000248801a9eec: 0000 5de9 | 0ccb 3e07 | f4f4 f4f4 | f4f4 f4f4 | f4f4 f4f4 
[Stub Code]
  0x00000248801a9f00: ;   {no_reloc}
  0x00000248801a9f00: 0f1f 4400 

  0x00000248801a9f04: ;   {static_stub}
  0x00000248801a9f04: 0048 bb00 | 0000 0000 

  0x00000248801a9f0c: ;   {runtime_call}
  0x00000248801a9f0c: 0000 00e9 | fbff ffff 

  0x00000248801a9f14: ;   {static_stub}
  0x00000248801a9f14: 9048 bb00 | 0000 0000 

  0x00000248801a9f1c: ;   {runtime_call}
  0x00000248801a9f1c: 0000 00e9 | fbff ffff 

  0x00000248801a9f24: ;   {static_stub}
  0x00000248801a9f24: 9048 bb00 | 0000 0000 

  0x00000248801a9f2c: ;   {runtime_call}
  0x00000248801a9f2c: 0000 00e9 | fbff ffff 

  0x00000248801a9f34: ;   {static_stub}
  0x00000248801a9f34: 9048 bb00 | 0000 0000 

  0x00000248801a9f3c: ;   {runtime_call}
  0x00000248801a9f3c: 0000 00e9 | fbff ffff 
[Exception Handler]
  0x00000248801a9f44: ;   {runtime_call handle_exception_from_callee Runtime1 stub}
  0x00000248801a9f44: e837 c847 

  0x00000248801a9f48: ;   {external_word}
  0x00000248801a9f48: 0748 b9a0 | 7dde aaf9 | 7f00 0048 

  0x00000248801a9f54: ;   {runtime_call}
  0x00000248801a9f54: 83e4 f049 | baf0 e4a6 | aaf9 7f00 | 0041 ffd2 

  0x00000248801a9f64: ;   {section_word}
  0x00000248801a9f64: f449 ba65 | 9f1a 8048 | 0200 0041 

  0x00000248801a9f70: ;   {runtime_call DeoptimizationBlob}
  0x00000248801a9f70: 52e9 2acd | 3d07 f4f4 
[/MachCode]


Compiled method (c1)    6457  841       3       java.security.SecureClassLoader::defineClass (16 bytes)
 total in heap  [0x0000024880189990,0x0000024880189d80] = 1008
 relocation     [0x0000024880189ae8,0x0000024880189b30] = 72
 main code      [0x0000024880189b40,0x0000024880189c80] = 320
 stub code      [0x0000024880189c80,0x0000024880189cd8] = 88
 metadata       [0x0000024880189cd8,0x0000024880189ce0] = 8
 scopes data    [0x0000024880189ce0,0x0000024880189d28] = 72
 scopes pcs     [0x0000024880189d28,0x0000024880189d78] = 80
 dependencies   [0x0000024880189d78,0x0000024880189d80] = 8

[Constant Pool (empty)]

[MachCode]
[Entry Point]
  # {method} {0x00000248f903da68} 'defineClass' '(Ljava/lang/String;[BIILjava/security/CodeSource;)Ljava/lang/Class;' in 'java/security/SecureClassLoader'
  # this:     rdx:rdx   = 'java/security/SecureClassLoader'
  # parm0:    r8:r8     = 'java/lang/String'
  # parm1:    r9:r9     = '[B'
  # parm2:    rdi       = int
  # parm3:    rsi       = int
  # parm4:    rcx:rcx   = 'java/security/CodeSource'
  #           [sp+0x80]  (sp of caller)
  0x0000024880189b40: 448b 5208 | 49c1 e203 

  0x0000024880189b48: ;   {runtime_call ic_miss_stub}
  0x0000024880189b48: 4c3b d00f | 852f 753f | 0766 6666 | 0f1f 8400 | 0000 0000 | 6666 6690 
[Verified Entry Point]
  0x0000024880189b60: 8984 2400 | 90ff ff55 | 4883 ec70 

  0x0000024880189b6c: ;   {metadata(method data for {method} {0x00000248f903da68} 'defineClass' '(Ljava/lang/String;[BIILjava/security/CodeSource;)Ljava/lang/Class;' in 'java/security/SecureClassLoader')}
  0x0000024880189b6c: 48bb c864 | 9bf9 4802 | 0000 8b83 | cc00 0000 | 83c0 0289 | 83cc 0000 | 0081 e0fe | 0700 0083 
  0x0000024880189b8c: f800 0f84 | 8b00 0000 | 8974 245c | 897c 2458 | 4c89 4c24 | 504c 8944 | 2448 488b 

  0x0000024880189ba8: ;   {metadata(method data for {method} {0x00000248f903da68} 'defineClass' '(Ljava/lang/String;[BIILjava/security/CodeSource;)Ljava/lang/Class;' in 'java/security/SecureClassLoader')}
  0x0000024880189ba8: da48 b8c8 | 649b f948 | 0200 0048 | 8380 1001 | 0000 014c | 8bc1 488b | c248 8bd0 | 4889 4424 
  0x0000024880189bc8: 4066 0f1f 

  0x0000024880189bcc: ;   {optimized virtual_call}
  0x0000024880189bcc: 4400 00e8 

  0x0000024880189bd0: ; ImmutableOopMap {[80]=Oop [64]=Oop [72]=Oop }
                      ;*invokevirtual getProtectionDomain {reexecute=0 rethrow=0 return_oop=0}
                      ; - java.security.SecureClassLoader::defineClass@9 (line 150)
  0x0000024880189bd0: ccf4 0100 | 488b 5424 

  0x0000024880189bd8: ;   {metadata(method data for {method} {0x00000248f903da68} 'defineClass' '(Ljava/lang/String;[BIILjava/security/CodeSource;)Ljava/lang/Class;' in 'java/security/SecureClassLoader')}
  0x0000024880189bd8: 4049 b8c8 | 649b f948 | 0200 0049 | 8380 4801 | 0000 014c | 8b44 2448 | 4c8b 4c24 | 508b 7c24 
  0x0000024880189bf8: 588b 7424 | 5c48 8bc8 | 488b 5424 

  0x0000024880189c04: ;   {optimized virtual_call}
  0x0000024880189c04: 4066 90e8 

  0x0000024880189c08: ; ImmutableOopMap {}
                      ;*invokevirtual defineClass {reexecute=0 rethrow=0 return_oop=0}
                      ; - java.security.SecureClassLoader::defineClass@12 (line 150)
  0x0000024880189c08: 94fe 0100 | 4883 c470 

  0x0000024880189c10: ;   {poll_return}
  0x0000024880189c10: 5d49 3ba7 | 5003 0000 | 0f87 2200 

  0x0000024880189c1c: ;   {metadata({method} {0x00000248f903da68} 'defineClass' '(Ljava/lang/String;[BIILjava/security/CodeSource;)Ljava/lang/Class;' in 'java/security/SecureClassLoader')}
  0x0000024880189c1c: 0000 c349 | ba60 da03 | f948 0200 | 004c 8954 | 2408 48c7 | 0424 ffff 

  0x0000024880189c34: ;   {runtime_call counter_overflow Runtime1 stub}
  0x0000024880189c34: ffff e845 

  0x0000024880189c38: ; ImmutableOopMap {rdx=Oop r8=Oop r9=Oop rcx=Oop }
                      ;*synchronization entry
                      ; - java.security.SecureClassLoader::defineClass@-1 (line 150)
  0x0000024880189c38: fe49 07e9 | 54ff ffff 

  0x0000024880189c40: ;   {internal_word}
  0x0000024880189c40: 49ba 119c | 1880 4802 | 0000 4d89 | 9768 0300 

  0x0000024880189c50: ;   {runtime_call SafepointBlob}
  0x0000024880189c50: 00e9 aadd | 3f07 9090 | 498b 87e0 | 0300 0049 | c787 e003 | 0000 0000 | 0000 49c7 | 87e8 0300 
  0x0000024880189c70: 0000 0000 | 0048 83c4 

  0x0000024880189c78: ;   {runtime_call unwind_exception Runtime1 stub}
  0x0000024880189c78: 705d e981 | cd40 07f4 
[Stub Code]
  0x0000024880189c80: ;   {no_reloc}
  0x0000024880189c80: 0f1f 4400 

  0x0000024880189c84: ;   {static_stub}
  0x0000024880189c84: 0048 bbf0 | dc03 f948 

  0x0000024880189c8c: ;   {runtime_call I2C/C2I adapters}
  0x0000024880189c8c: 0200 00e9 | c0c9 3f07 

  0x0000024880189c94: ;   {static_stub}
  0x0000024880189c94: 9048 bb10 | 4d02 f948 

  0x0000024880189c9c: ;   {runtime_call I2C/C2I adapters}
  0x0000024880189c9c: 0200 00e9 | 3ed7 3e07 
[Exception Handler]
  0x0000024880189ca4: ;   {runtime_call handle_exception_from_callee Runtime1 stub}
  0x0000024880189ca4: e8d7 ca49 

  0x0000024880189ca8: ;   {external_word}
  0x0000024880189ca8: 0748 b9a0 | 7dde aaf9 | 7f00 0048 

  0x0000024880189cb4: ;   {runtime_call}
  0x0000024880189cb4: 83e4 f049 | baf0 e4a6 | aaf9 7f00 | 0041 ffd2 

  0x0000024880189cc4: ;   {section_word}
  0x0000024880189cc4: f449 bac5 | 9c18 8048 | 0200 0041 

  0x0000024880189cd0: ;   {runtime_call DeoptimizationBlob}
  0x0000024880189cd0: 52e9 cacf | 3f07 f4f4 
[/MachCode]


---------------  P R O C E S S  ---------------

Threads class SMR info:
_java_thread_list=0x00000248fda46d60, length=15, elements={
0x00000248ebddd600, 0x00000248f83b1610, 0x00000248f83b2eb0, 0x00000248f83b60f0,
0x00000248f83b6cb0, 0x00000248f851e000, 0x00000248f851f070, 0x00000248f851fd60,
0x00000248f8523c60, 0x00000248f8541b20, 0x00000248f8688b20, 0x00000248f869a420,
0x00000248fd83d0a0, 0x00000248fd9ec450, 0x00000248fd9f4fd0
}

Java Threads: ( => current thread )
=>0x00000248ebddd600 JavaThread "main" [_thread_in_vm, id=1544, stack(0x0000009542100000,0x0000009542200000)]
  0x00000248f83b1610 JavaThread "Reference Handler" daemon [_thread_blocked, id=3368, stack(0x0000009542800000,0x0000009542900000)]
  0x00000248f83b2eb0 JavaThread "Finalizer" daemon [_thread_blocked, id=6100, stack(0x0000009542900000,0x0000009542a00000)]
  0x00000248f83b60f0 JavaThread "Signal Dispatcher" daemon [_thread_blocked, id=16732, stack(0x0000009542a00000,0x0000009542b00000)]
  0x00000248f83b6cb0 JavaThread "Attach Listener" daemon [_thread_blocked, id=8964, stack(0x0000009542b00000,0x0000009542c00000)]
  0x00000248f851e000 JavaThread "Service Thread" daemon [_thread_blocked, id=12152, stack(0x0000009542c00000,0x0000009542d00000)]
  0x00000248f851f070 JavaThread "Monitor Deflation Thread" daemon [_thread_blocked, id=12100, stack(0x0000009542d00000,0x0000009542e00000)]
  0x00000248f851fd60 JavaThread "C2 CompilerThread0" daemon [_thread_blocked, id=16124, stack(0x0000009542e00000,0x0000009542f00000)]
  0x00000248f8523c60 JavaThread "C1 CompilerThread0" daemon [_thread_blocked, id=7124, stack(0x0000009542f00000,0x0000009543000000)]
  0x00000248f8541b20 JavaThread "Sweeper thread" daemon [_thread_blocked, id=14224, stack(0x0000009543000000,0x0000009543100000)]
  0x00000248f8688b20 JavaThread "Notification Thread" daemon [_thread_blocked, id=11108, stack(0x0000009543100000,0x0000009543200000)]
  0x00000248f869a420 JavaThread "Common-Cleaner" daemon [_thread_blocked, id=5596, stack(0x0000009543300000,0x0000009543400000)]
  0x00000248fd83d0a0 JavaThread "pool-1-thread-1" [_thread_blocked, id=16916, stack(0x0000009543700000,0x0000009543800000)]
  0x00000248fd9ec450 JavaThread "DisconnectableInputStream source reader" daemon [_thread_in_native, id=7800, stack(0x0000009543900000,0x0000009543a00000)]
  0x00000248fd9f4fd0 JavaThread "Forward input" [_thread_blocked, id=13916, stack(0x0000009543a00000,0x0000009543b00000)]

Other Threads:
  0x00000248f8333f80 VMThread "VM Thread" [stack: 0x0000009542700000,0x0000009542800000] [id=3656]
  0x00000248f8315820 WatcherThread [stack: 0x0000009543200000,0x0000009543300000] [id=14152]
  0x00000248edee9cd0 GCTaskThread "GC Thread#0" [stack: 0x0000009542200000,0x0000009542300000] [id=8236]
  0x00000248fd111920 GCTaskThread "GC Thread#1" [stack: 0x0000009543400000,0x0000009543500000] [id=17352]
  0x00000248fd1274d0 GCTaskThread "GC Thread#2" [stack: 0x0000009543500000,0x0000009543600000] [id=14920]
  0x00000248fd0a0460 GCTaskThread "GC Thread#3" [stack: 0x0000009543600000,0x0000009543700000] [id=15628]
  0x00000248edefa8a0 ConcurrentGCThread "G1 Main Marker" [stack: 0x0000009542300000,0x0000009542400000] [id=128]
  0x00000248edefb2c0 ConcurrentGCThread "G1 Conc#0" [stack: 0x0000009542400000,0x0000009542500000] [id=9620]
  0x00000248edf4e560 ConcurrentGCThread "G1 Refine#0" [stack: 0x0000009542500000,0x0000009542600000] [id=9540]
  0x00000248f81e24b0 ConcurrentGCThread "G1 Service" [stack: 0x0000009542600000,0x0000009542700000] [id=3636]

Threads with active compile tasks:

VM state: not at safepoint (normal execution)

VM Mutex/Monitor currently owned by a thread:  ([mutex/lock_event])
[0x00000248ebd17780] Metaspace_lock - owner thread: 0x00000248ebddd600

Heap address: 0x0000000081c00000, size: 2020 MB, Compressed Oops mode: 32-bit

CDS archive(s) not mapped
Compressed class space mapped at: 0x0000000100000000-0x0000000140000000, reserved size: 1073741824
Narrow klass base: 0x0000000000000000, Narrow klass shift: 3, Narrow klass range: 0x140000000

GC Precious Log:
 CPUs: 4 total, 4 available
 Memory: 8079M
 Large Page Support: Disabled
 NUMA Support: Disabled
 Compressed Oops: Enabled (32-bit)
 Heap Region Size: 1M
 Heap Min Capacity: 8M
 Heap Initial Capacity: 128M
 Heap Max Capacity: 2020M
 Pre-touch: Disabled
 Parallel Workers: 4
 Concurrent Workers: 1
 Concurrent Refinement Workers: 4
 Periodic GC: Disabled

Heap:
 garbage-first heap   total 131072K, used 16853K [0x0000000081c00000, 0x0000000100000000)
  region size 1024K, 11 young (11264K), 3 survivors (3072K)
 Metaspace       used 16077K, committed 16256K, reserved 1114112K
  class space    used 1884K, committed 1984K, reserved 1048576K

Heap Regions: E=young(eden), S=young(survivor), O=old, HS=humongous(starts), HC=humongous(continues), CS=collection set, F=free, OA=open archive, CA=closed archive, TAMS=top-at-mark-start (previous, next)
|   0|0x0000000081c00000, 0x0000000081d00000, 0x0000000081d00000|100%| O|  |TAMS 0x0000000081c00000, 0x0000000081c00000| Untracked 
|   1|0x0000000081d00000, 0x0000000081e00000, 0x0000000081e00000|100%| O|  |TAMS 0x0000000081d00000, 0x0000000081d00000| Untracked 
|   2|0x0000000081e00000, 0x0000000081f00000, 0x0000000081f00000|100%|HS|  |TAMS 0x0000000081e00000, 0x0000000081e00000| Complete 
|   3|0x0000000081f00000, 0x0000000082000000, 0x0000000082000000|100%|HC|  |TAMS 0x0000000081f00000, 0x0000000081f00000| Complete 
|   4|0x0000000082000000, 0x0000000082100000, 0x0000000082100000|100%|HC|  |TAMS 0x0000000082000000, 0x0000000082000000| Complete 
|   5|0x0000000082100000, 0x0000000082200000, 0x0000000082200000|100%| O|  |TAMS 0x0000000082100000, 0x0000000082100000| Untracked 
|   6|0x0000000082200000, 0x0000000082275600, 0x0000000082300000| 45%| O|  |TAMS 0x0000000082200000, 0x0000000082200000| Untracked 
|   7|0x0000000082300000, 0x0000000082300000, 0x0000000082400000|  0%| F|  |TAMS 0x0000000082300000, 0x0000000082300000| Untracked 
|   8|0x0000000082400000, 0x0000000082400000, 0x0000000082500000|  0%| F|  |TAMS 0x0000000082400000, 0x0000000082400000| Untracked 
|   9|0x0000000082500000, 0x0000000082500000, 0x0000000082600000|  0%| F|  |TAMS 0x0000000082500000, 0x0000000082500000| Untracked 
|  10|0x0000000082600000, 0x0000000082600000, 0x0000000082700000|  0%| F|  |TAMS 0x0000000082600000, 0x0000000082600000| Untracked 
|  11|0x0000000082700000, 0x0000000082700000, 0x0000000082800000|  0%| F|  |TAMS 0x0000000082700000, 0x0000000082700000| Untracked 
|  12|0x0000000082800000, 0x0000000082800000, 0x0000000082900000|  0%| F|  |TAMS 0x0000000082800000, 0x0000000082800000| Untracked 
|  13|0x0000000082900000, 0x0000000082900000, 0x0000000082a00000|  0%| F|  |TAMS 0x0000000082900000, 0x0000000082900000| Untracked 
|  14|0x0000000082a00000, 0x0000000082a00000, 0x0000000082b00000|  0%| F|  |TAMS 0x0000000082a00000, 0x0000000082a00000| Untracked 
|  15|0x0000000082b00000, 0x0000000082b00000, 0x0000000082c00000|  0%| F|  |TAMS 0x0000000082b00000, 0x0000000082b00000| Untracked 
|  16|0x0000000082c00000, 0x0000000082c00000, 0x0000000082d00000|  0%| F|  |TAMS 0x0000000082c00000, 0x0000000082c00000| Untracked 
|  17|0x0000000082d00000, 0x0000000082d00000, 0x0000000082e00000|  0%| F|  |TAMS 0x0000000082d00000, 0x0000000082d00000| Untracked 
|  18|0x0000000082e00000, 0x0000000082e00000, 0x0000000082f00000|  0%| F|  |TAMS 0x0000000082e00000, 0x0000000082e00000| Untracked 
|  19|0x0000000082f00000, 0x0000000082f00000, 0x0000000083000000|  0%| F|  |TAMS 0x0000000082f00000, 0x0000000082f00000| Untracked 
|  20|0x0000000083000000, 0x0000000083000000, 0x0000000083100000|  0%| F|  |TAMS 0x0000000083000000, 0x0000000083000000| Untracked 
|  21|0x0000000083100000, 0x0000000083100000, 0x0000000083200000|  0%| F|  |TAMS 0x0000000083100000, 0x0000000083100000| Untracked 
|  22|0x0000000083200000, 0x0000000083200000, 0x0000000083300000|  0%| F|  |TAMS 0x0000000083200000, 0x0000000083200000| Untracked 
|  23|0x0000000083300000, 0x0000000083300000, 0x0000000083400000|  0%| F|  |TAMS 0x0000000083300000, 0x0000000083300000| Untracked 
|  24|0x0000000083400000, 0x0000000083400000, 0x0000000083500000|  0%| F|  |TAMS 0x0000000083400000, 0x0000000083400000| Untracked 
|  25|0x0000000083500000, 0x0000000083500000, 0x0000000083600000|  0%| F|  |TAMS 0x0000000083500000, 0x0000000083500000| Untracked 
|  26|0x0000000083600000, 0x0000000083600000, 0x0000000083700000|  0%| F|  |TAMS 0x0000000083600000, 0x0000000083600000| Untracked 
|  27|0x0000000083700000, 0x0000000083700000, 0x0000000083800000|  0%| F|  |TAMS 0x0000000083700000, 0x0000000083700000| Untracked 
|  28|0x0000000083800000, 0x0000000083800000, 0x0000000083900000|  0%| F|  |TAMS 0x0000000083800000, 0x0000000083800000| Untracked 
|  29|0x0000000083900000, 0x0000000083900000, 0x0000000083a00000|  0%| F|  |TAMS 0x0000000083900000, 0x0000000083900000| Untracked 
|  30|0x0000000083a00000, 0x0000000083a00000, 0x0000000083b00000|  0%| F|  |TAMS 0x0000000083a00000, 0x0000000083a00000| Untracked 
|  31|0x0000000083b00000, 0x0000000083b00000, 0x0000000083c00000|  0%| F|  |TAMS 0x0000000083b00000, 0x0000000083b00000| Untracked 
|  32|0x0000000083c00000, 0x0000000083c00000, 0x0000000083d00000|  0%| F|  |TAMS 0x0000000083c00000, 0x0000000083c00000| Untracked 
|  33|0x0000000083d00000, 0x0000000083d00000, 0x0000000083e00000|  0%| F|  |TAMS 0x0000000083d00000, 0x0000000083d00000| Untracked 
|  34|0x0000000083e00000, 0x0000000083e00000, 0x0000000083f00000|  0%| F|  |TAMS 0x0000000083e00000, 0x0000000083e00000| Untracked 
|  35|0x0000000083f00000, 0x0000000083f00000, 0x0000000084000000|  0%| F|  |TAMS 0x0000000083f00000, 0x0000000083f00000| Untracked 
|  36|0x0000000084000000, 0x0000000084000000, 0x0000000084100000|  0%| F|  |TAMS 0x0000000084000000, 0x0000000084000000| Untracked 
|  37|0x0000000084100000, 0x0000000084100000, 0x0000000084200000|  0%| F|  |TAMS 0x0000000084100000, 0x0000000084100000| Untracked 
|  38|0x0000000084200000, 0x0000000084200000, 0x0000000084300000|  0%| F|  |TAMS 0x0000000084200000, 0x0000000084200000| Untracked 
|  39|0x0000000084300000, 0x0000000084300000, 0x0000000084400000|  0%| F|  |TAMS 0x0000000084300000, 0x0000000084300000| Untracked 
|  40|0x0000000084400000, 0x0000000084400000, 0x0000000084500000|  0%| F|  |TAMS 0x0000000084400000, 0x0000000084400000| Untracked 
|  41|0x0000000084500000, 0x0000000084500000, 0x0000000084600000|  0%| F|  |TAMS 0x0000000084500000, 0x0000000084500000| Untracked 
|  42|0x0000000084600000, 0x0000000084600000, 0x0000000084700000|  0%| F|  |TAMS 0x0000000084600000, 0x0000000084600000| Untracked 
|  43|0x0000000084700000, 0x0000000084700000, 0x0000000084800000|  0%| F|  |TAMS 0x0000000084700000, 0x0000000084700000| Untracked 
|  44|0x0000000084800000, 0x0000000084800000, 0x0000000084900000|  0%| F|  |TAMS 0x0000000084800000, 0x0000000084800000| Untracked 
|  45|0x0000000084900000, 0x0000000084900000, 0x0000000084a00000|  0%| F|  |TAMS 0x0000000084900000, 0x0000000084900000| Untracked 
|  46|0x0000000084a00000, 0x0000000084a00000, 0x0000000084b00000|  0%| F|  |TAMS 0x0000000084a00000, 0x0000000084a00000| Untracked 
|  47|0x0000000084b00000, 0x0000000084b00000, 0x0000000084c00000|  0%| F|  |TAMS 0x0000000084b00000, 0x0000000084b00000| Untracked 
|  48|0x0000000084c00000, 0x0000000084c00000, 0x0000000084d00000|  0%| F|  |TAMS 0x0000000084c00000, 0x0000000084c00000| Untracked 
|  49|0x0000000084d00000, 0x0000000084d00000, 0x0000000084e00000|  0%| F|  |TAMS 0x0000000084d00000, 0x0000000084d00000| Untracked 
|  50|0x0000000084e00000, 0x0000000084e00000, 0x0000000084f00000|  0%| F|  |TAMS 0x0000000084e00000, 0x0000000084e00000| Untracked 
|  51|0x0000000084f00000, 0x0000000084f00000, 0x0000000085000000|  0%| F|  |TAMS 0x0000000084f00000, 0x0000000084f00000| Untracked 
|  52|0x0000000085000000, 0x0000000085000000, 0x0000000085100000|  0%| F|  |TAMS 0x0000000085000000, 0x0000000085000000| Untracked 
|  53|0x0000000085100000, 0x0000000085100000, 0x0000000085200000|  0%| F|  |TAMS 0x0000000085100000, 0x0000000085100000| Untracked 
|  54|0x0000000085200000, 0x0000000085200000, 0x0000000085300000|  0%| F|  |TAMS 0x0000000085200000, 0x0000000085200000| Untracked 
|  55|0x0000000085300000, 0x0000000085300000, 0x0000000085400000|  0%| F|  |TAMS 0x0000000085300000, 0x0000000085300000| Untracked 
|  56|0x0000000085400000, 0x0000000085400000, 0x0000000085500000|  0%| F|  |TAMS 0x0000000085400000, 0x0000000085400000| Untracked 
|  57|0x0000000085500000, 0x0000000085500000, 0x0000000085600000|  0%| F|  |TAMS 0x0000000085500000, 0x0000000085500000| Untracked 
|  58|0x0000000085600000, 0x0000000085600000, 0x0000000085700000|  0%| F|  |TAMS 0x0000000085600000, 0x0000000085600000| Untracked 
|  59|0x0000000085700000, 0x0000000085700000, 0x0000000085800000|  0%| F|  |TAMS 0x0000000085700000, 0x0000000085700000| Untracked 
|  60|0x0000000085800000, 0x0000000085800000, 0x0000000085900000|  0%| F|  |TAMS 0x0000000085800000, 0x0000000085800000| Untracked 
|  61|0x0000000085900000, 0x0000000085900000, 0x0000000085a00000|  0%| F|  |TAMS 0x0000000085900000, 0x0000000085900000| Untracked 
|  62|0x0000000085a00000, 0x0000000085a00000, 0x0000000085b00000|  0%| F|  |TAMS 0x0000000085a00000, 0x0000000085a00000| Untracked 
|  63|0x0000000085b00000, 0x0000000085b00000, 0x0000000085c00000|  0%| F|  |TAMS 0x0000000085b00000, 0x0000000085b00000| Untracked 
|  64|0x0000000085c00000, 0x0000000085c00000, 0x0000000085d00000|  0%| F|  |TAMS 0x0000000085c00000, 0x0000000085c00000| Untracked 
|  65|0x0000000085d00000, 0x0000000085d00000, 0x0000000085e00000|  0%| F|  |TAMS 0x0000000085d00000, 0x0000000085d00000| Untracked 
|  66|0x0000000085e00000, 0x0000000085e00000, 0x0000000085f00000|  0%| F|  |TAMS 0x0000000085e00000, 0x0000000085e00000| Untracked 
|  67|0x0000000085f00000, 0x0000000085f00000, 0x0000000086000000|  0%| F|  |TAMS 0x0000000085f00000, 0x0000000085f00000| Untracked 
|  68|0x0000000086000000, 0x0000000086000000, 0x0000000086100000|  0%| F|  |TAMS 0x0000000086000000, 0x0000000086000000| Untracked 
|  69|0x0000000086100000, 0x0000000086100000, 0x0000000086200000|  0%| F|  |TAMS 0x0000000086100000, 0x0000000086100000| Untracked 
|  70|0x0000000086200000, 0x0000000086200000, 0x0000000086300000|  0%| F|  |TAMS 0x0000000086200000, 0x0000000086200000| Untracked 
|  71|0x0000000086300000, 0x0000000086300000, 0x0000000086400000|  0%| F|  |TAMS 0x0000000086300000, 0x0000000086300000| Untracked 
|  72|0x0000000086400000, 0x0000000086400000, 0x0000000086500000|  0%| F|  |TAMS 0x0000000086400000, 0x0000000086400000| Untracked 
|  73|0x0000000086500000, 0x0000000086500000, 0x0000000086600000|  0%| F|  |TAMS 0x0000000086500000, 0x0000000086500000| Untracked 
|  74|0x0000000086600000, 0x0000000086600000, 0x0000000086700000|  0%| F|  |TAMS 0x0000000086600000, 0x0000000086600000| Untracked 
|  75|0x0000000086700000, 0x0000000086700000, 0x0000000086800000|  0%| F|  |TAMS 0x0000000086700000, 0x0000000086700000| Untracked 
|  76|0x0000000086800000, 0x0000000086800000, 0x0000000086900000|  0%| F|  |TAMS 0x0000000086800000, 0x0000000086800000| Untracked 
|  77|0x0000000086900000, 0x0000000086900000, 0x0000000086a00000|  0%| F|  |TAMS 0x0000000086900000, 0x0000000086900000| Untracked 
|  78|0x0000000086a00000, 0x0000000086a00000, 0x0000000086b00000|  0%| F|  |TAMS 0x0000000086a00000, 0x0000000086a00000| Untracked 
|  79|0x0000000086b00000, 0x0000000086b00000, 0x0000000086c00000|  0%| F|  |TAMS 0x0000000086b00000, 0x0000000086b00000| Untracked 
|  80|0x0000000086c00000, 0x0000000086c00000, 0x0000000086d00000|  0%| F|  |TAMS 0x0000000086c00000, 0x0000000086c00000| Untracked 
|  81|0x0000000086d00000, 0x0000000086d00000, 0x0000000086e00000|  0%| F|  |TAMS 0x0000000086d00000, 0x0000000086d00000| Untracked 
|  82|0x0000000086e00000, 0x0000000086e00000, 0x0000000086f00000|  0%| F|  |TAMS 0x0000000086e00000, 0x0000000086e00000| Untracked 
|  83|0x0000000086f00000, 0x0000000086f00000, 0x0000000087000000|  0%| F|  |TAMS 0x0000000086f00000, 0x0000000086f00000| Untracked 
|  84|0x0000000087000000, 0x0000000087000000, 0x0000000087100000|  0%| F|  |TAMS 0x0000000087000000, 0x0000000087000000| Untracked 
|  85|0x0000000087100000, 0x0000000087100000, 0x0000000087200000|  0%| F|  |TAMS 0x0000000087100000, 0x0000000087100000| Untracked 
|  86|0x0000000087200000, 0x0000000087200000, 0x0000000087300000|  0%| F|  |TAMS 0x0000000087200000, 0x0000000087200000| Untracked 
|  87|0x0000000087300000, 0x0000000087300000, 0x0000000087400000|  0%| F|  |TAMS 0x0000000087300000, 0x0000000087300000| Untracked 
|  88|0x0000000087400000, 0x0000000087400000, 0x0000000087500000|  0%| F|  |TAMS 0x0000000087400000, 0x0000000087400000| Untracked 
|  89|0x0000000087500000, 0x0000000087500000, 0x0000000087600000|  0%| F|  |TAMS 0x0000000087500000, 0x0000000087500000| Untracked 
|  90|0x0000000087600000, 0x0000000087600000, 0x0000000087700000|  0%| F|  |TAMS 0x0000000087600000, 0x0000000087600000| Untracked 
|  91|0x0000000087700000, 0x0000000087700000, 0x0000000087800000|  0%| F|  |TAMS 0x0000000087700000, 0x0000000087700000| Untracked 
|  92|0x0000000087800000, 0x0000000087800000, 0x0000000087900000|  0%| F|  |TAMS 0x0000000087800000, 0x0000000087800000| Untracked 
|  93|0x0000000087900000, 0x0000000087900000, 0x0000000087a00000|  0%| F|  |TAMS 0x0000000087900000, 0x0000000087900000| Untracked 
|  94|0x0000000087a00000, 0x0000000087a00000, 0x0000000087b00000|  0%| F|  |TAMS 0x0000000087a00000, 0x0000000087a00000| Untracked 
|  95|0x0000000087b00000, 0x0000000087b00000, 0x0000000087c00000|  0%| F|  |TAMS 0x0000000087b00000, 0x0000000087b00000| Untracked 
|  96|0x0000000087c00000, 0x0000000087c00000, 0x0000000087d00000|  0%| F|  |TAMS 0x0000000087c00000, 0x0000000087c00000| Untracked 
|  97|0x0000000087d00000, 0x0000000087d00000, 0x0000000087e00000|  0%| F|  |TAMS 0x0000000087d00000, 0x0000000087d00000| Untracked 
|  98|0x0000000087e00000, 0x0000000087e00000, 0x0000000087f00000|  0%| F|  |TAMS 0x0000000087e00000, 0x0000000087e00000| Untracked 
|  99|0x0000000087f00000, 0x0000000087f00000, 0x0000000088000000|  0%| F|  |TAMS 0x0000000087f00000, 0x0000000087f00000| Untracked 
| 100|0x0000000088000000, 0x0000000088000000, 0x0000000088100000|  0%| F|  |TAMS 0x0000000088000000, 0x0000000088000000| Untracked 
| 101|0x0000000088100000, 0x0000000088100000, 0x0000000088200000|  0%| F|  |TAMS 0x0000000088100000, 0x0000000088100000| Untracked 
| 102|0x0000000088200000, 0x0000000088200000, 0x0000000088300000|  0%| F|  |TAMS 0x0000000088200000, 0x0000000088200000| Untracked 
| 103|0x0000000088300000, 0x0000000088300000, 0x0000000088400000|  0%| F|  |TAMS 0x0000000088300000, 0x0000000088300000| Untracked 
| 104|0x0000000088400000, 0x0000000088400000, 0x0000000088500000|  0%| F|  |TAMS 0x0000000088400000, 0x0000000088400000| Untracked 
| 105|0x0000000088500000, 0x0000000088500000, 0x0000000088600000|  0%| F|  |TAMS 0x0000000088500000, 0x0000000088500000| Untracked 
| 106|0x0000000088600000, 0x0000000088600000, 0x0000000088700000|  0%| F|  |TAMS 0x0000000088600000, 0x0000000088600000| Untracked 
| 107|0x0000000088700000, 0x0000000088700000, 0x0000000088800000|  0%| F|  |TAMS 0x0000000088700000, 0x0000000088700000| Untracked 
| 108|0x0000000088800000, 0x0000000088900000, 0x0000000088900000|100%| S|CS|TAMS 0x0000000088800000, 0x0000000088800000| Complete 
| 109|0x0000000088900000, 0x0000000088a00000, 0x0000000088a00000|100%| S|CS|TAMS 0x0000000088900000, 0x0000000088900000| Complete 
| 110|0x0000000088a00000, 0x0000000088b00000, 0x0000000088b00000|100%| S|CS|TAMS 0x0000000088a00000, 0x0000000088a00000| Complete 
| 111|0x0000000088b00000, 0x0000000088b00000, 0x0000000088c00000|  0%| F|  |TAMS 0x0000000088b00000, 0x0000000088b00000| Untracked 
| 112|0x0000000088c00000, 0x0000000088c00000, 0x0000000088d00000|  0%| F|  |TAMS 0x0000000088c00000, 0x0000000088c00000| Untracked 
| 113|0x0000000088d00000, 0x0000000088d00000, 0x0000000088e00000|  0%| F|  |TAMS 0x0000000088d00000, 0x0000000088d00000| Untracked 
| 114|0x0000000088e00000, 0x0000000088e00000, 0x0000000088f00000|  0%| F|  |TAMS 0x0000000088e00000, 0x0000000088e00000| Untracked 
| 115|0x0000000088f00000, 0x0000000088f00000, 0x0000000089000000|  0%| F|  |TAMS 0x0000000088f00000, 0x0000000088f00000| Untracked 
| 116|0x0000000089000000, 0x0000000089000000, 0x0000000089100000|  0%| F|  |TAMS 0x0000000089000000, 0x0000000089000000| Untracked 
| 117|0x0000000089100000, 0x0000000089100000, 0x0000000089200000|  0%| F|  |TAMS 0x0000000089100000, 0x0000000089100000| Untracked 
| 118|0x0000000089200000, 0x0000000089200000, 0x0000000089300000|  0%| F|  |TAMS 0x0000000089200000, 0x0000000089200000| Untracked 
| 119|0x0000000089300000, 0x0000000089300000, 0x0000000089400000|  0%| F|  |TAMS 0x0000000089300000, 0x0000000089300000| Untracked 
| 120|0x0000000089400000, 0x0000000089500000, 0x0000000089500000|100%| E|  |TAMS 0x0000000089400000, 0x0000000089400000| Complete 
| 121|0x0000000089500000, 0x0000000089600000, 0x0000000089600000|100%| E|CS|TAMS 0x0000000089500000, 0x0000000089500000| Complete 
| 122|0x0000000089600000, 0x0000000089700000, 0x0000000089700000|100%| E|CS|TAMS 0x0000000089600000, 0x0000000089600000| Complete 
| 123|0x0000000089700000, 0x0000000089800000, 0x0000000089800000|100%| E|CS|TAMS 0x0000000089700000, 0x0000000089700000| Complete 
| 124|0x0000000089800000, 0x0000000089900000, 0x0000000089900000|100%| E|CS|TAMS 0x0000000089800000, 0x0000000089800000| Complete 
| 125|0x0000000089900000, 0x0000000089a00000, 0x0000000089a00000|100%| E|CS|TAMS 0x0000000089900000, 0x0000000089900000| Complete 
| 126|0x0000000089a00000, 0x0000000089b00000, 0x0000000089b00000|100%| E|CS|TAMS 0x0000000089a00000, 0x0000000089a00000| Complete 
| 127|0x0000000089b00000, 0x0000000089c00000, 0x0000000089c00000|100%| E|CS|TAMS 0x0000000089b00000, 0x0000000089b00000| Complete 

Card table byte_map: [0x00000248f1770000,0x00000248f1b70000] _byte_map_base: 0x00000248f1362000

Marking Bits (Prev, Next): (CMBitMap*) 0x00000248edeea2f0, (CMBitMap*) 0x00000248edeea330
 Prev Bits: [0x00000248f1f70000, 0x00000248f3f00000)
 Next Bits: [0x00000248f3f00000, 0x00000248f5e90000)

Polling page: 0x00000248ebcd0000

Metaspace:

Usage:
  Non-class:     13.86 MB used.
      Class:      1.84 MB used.
       Both:     15.70 MB used.

Virtual space:
  Non-class space:       64.00 MB reserved,      13.94 MB ( 22%) committed,  1 nodes.
      Class space:        1.00 GB reserved,       1.94 MB ( <1%) committed,  1 nodes.
             Both:        1.06 GB reserved,      15.88 MB (  1%) committed. 

Chunk freelists:
   Non-Class:  2.05 MB
       Class:  14.05 MB
        Both:  16.09 MB

MaxMetaspaceSize: unlimited
CompressedClassSpaceSize: 1.00 GB
Initial GC threshold: 21.00 MB
Current GC threshold: 21.00 MB
CDS: off
MetaspaceReclaimPolicy: balanced
 - commit_granule_bytes: 65536.
 - commit_granule_words: 8192.
 - virtual_space_node_default_size: 8388608.
 - enlarge_chunks_in_place: 1.
 - new_chunks_are_fully_committed: 0.
 - uncommit_free_chunks: 1.
 - use_allocation_guard: 0.
 - handle_deallocations: 1.


Internal statistics:

num_allocs_failed_limit: 0.
num_arena_births: 74.
num_arena_deaths: 0.
num_vsnodes_births: 2.
num_vsnodes_deaths: 0.
num_space_committed: 254.
num_space_uncommitted: 0.
num_chunks_returned_to_freelist: 0.
num_chunks_taken_from_freelist: 287.
num_chunk_merges: 0.
num_chunk_splits: 194.
num_chunks_enlarged: 164.
num_inconsistent_stats: 0.

CodeHeap 'non-profiled nmethods': size=120000Kb used=464Kb max_used=464Kb free=119535Kb
 bounds [0x0000024887ad0000, 0x0000024887d40000, 0x000002488f000000]
CodeHeap 'profiled nmethods': size=120000Kb used=2225Kb max_used=2225Kb free=117775Kb
 bounds [0x0000024880000000, 0x0000024880270000, 0x0000024887530000]
CodeHeap 'non-nmethods': size=5760Kb used=1161Kb max_used=1181Kb free=4598Kb
 bounds [0x0000024887530000, 0x00000248877a0000, 0x0000024887ad0000]
 total_blobs=1645 nmethods=1188 adapters=370
 compilation: enabled
              stopped_count=0, restarted_count=0
 full_count=0

Compilation events (20 events):
Event: 4.840 Thread 0x00000248f851fd60 1179       4       java.nio.Buffer::scope (17 bytes)
Event: 4.841 Thread 0x00000248f851fd60 nmethod 1179 0x0000024887b43790 code [0x0000024887b43900, 0x0000024887b43998]
Event: 4.845 Thread 0x00000248f8523c60 1180       3       java.lang.reflect.Modifier::isFinal (13 bytes)
Event: 4.845 Thread 0x00000248f8523c60 nmethod 1180 0x0000024880229610 code [0x00000248802297a0, 0x00000248802298f8]
Event: 4.861 Thread 0x00000248f8523c60 1181       3       java.lang.Long::<init> (10 bytes)
Event: 4.861 Thread 0x00000248f8523c60 nmethod 1181 0x0000024880229990 code [0x0000024880229b40, 0x0000024880229d18]
Event: 4.862 Thread 0x00000248f8523c60 1182       3       com.esotericsoftware.kryo.io.Output::writeString (125 bytes)
Event: 4.862 Thread 0x00000248f8523c60 nmethod 1182 0x0000024880229e10 code [0x000002488022a020, 0x000002488022a678]
Event: 4.862 Thread 0x00000248f8523c60 1183       3       com.esotericsoftware.kryo.io.Output::require (209 bytes)
Event: 4.863 Thread 0x00000248f8523c60 nmethod 1183 0x000002488022a890 code [0x000002488022ab60, 0x000002488022b598]
Event: 4.863 Thread 0x00000248f8523c60 1184       3       org.gradle.internal.serialize.kryo.KryoBackedEncoder::writeString (23 bytes)
Event: 4.864 Thread 0x00000248f8523c60 nmethod 1184 0x000002488022b990 code [0x000002488022bb40, 0x000002488022bd98]
Event: 4.956 Thread 0x00000248f851fd60 1185       4       java.util.zip.Inflater::ensureOpen (47 bytes)
Event: 4.958 Thread 0x00000248f851fd60 nmethod 1185 0x0000024887b43a90 code [0x0000024887b43c00, 0x0000024887b43cb8]
Event: 4.963 Thread 0x00000248f8523c60 1186       1       java.util.concurrent.locks.AbstractQueuedSynchronizer::setState (6 bytes)
Event: 4.963 Thread 0x00000248f8523c60 nmethod 1186 0x0000024887b43d90 code [0x0000024887b43f20, 0x0000024887b43ff8]
Event: 4.967 Thread 0x00000248f8523c60 1187       3       java.lang.invoke.MethodHandles$Lookup::checkSymbolicClass (25 bytes)
Event: 4.968 Thread 0x00000248f8523c60 nmethod 1187 0x000002488022be90 code [0x000002488022c060, 0x000002488022c2c8]
Event: 5.232 Thread 0x00000248f8523c60 1188       1       java.util.concurrent.atomic.AtomicInteger::get (5 bytes)
Event: 5.232 Thread 0x00000248f8523c60 nmethod 1188 0x0000024887b44090 code [0x0000024887b44220, 0x0000024887b442f8]

GC Heap History (4 events):
Event: 1.766 GC heap before
{Heap before GC invocations=0 (full 0):
 garbage-first heap   total 131072K, used 13312K [0x0000000081c00000, 0x0000000100000000)
  region size 1024K, 13 young (13312K), 0 survivors (0K)
 Metaspace       used 8597K, committed 8768K, reserved 1114112K
  class space    used 767K, committed 832K, reserved 1048576K
}
Event: 1.776 GC heap after
{Heap after GC invocations=1 (full 0):
 garbage-first heap   total 131072K, used 3168K [0x0000000081c00000, 0x0000000100000000)
  region size 1024K, 2 young (2048K), 2 survivors (2048K)
 Metaspace       used 8597K, committed 8768K, reserved 1114112K
  class space    used 767K, committed 832K, reserved 1048576K
}
Event: 3.568 GC heap before
{Heap before GC invocations=1 (full 0):
 garbage-first heap   total 131072K, used 20576K [0x0000000081c00000, 0x0000000100000000)
  region size 1024K, 17 young (17408K), 2 survivors (2048K)
 Metaspace       used 13194K, committed 13312K, reserved 1114112K
  class space    used 1488K, committed 1536K, reserved 1048576K
}
Event: 3.575 GC heap after
{Heap after GC invocations=2 (full 0):
 garbage-first heap   total 131072K, used 9685K [0x0000000081c00000, 0x0000000100000000)
  region size 1024K, 3 young (3072K), 3 survivors (3072K)
 Metaspace       used 13194K, committed 13312K, reserved 1114112K
  class space    used 1488K, committed 1536K, reserved 1048576K
}

Dll operation events (2 events):
Event: 0.012 Loaded shared library C:\Program Files\Android\Android Studio\jbr\bin\java.dll
Event: 0.383 Loaded shared library C:\Program Files\Android\Android Studio\jbr\bin\verify.dll

Deoptimization events (20 events):
Event: 3.706 Thread 0x00000248ebddd600 DEOPT PACKING pc=0x0000024887b2aaa0 sp=0x00000095421fb290
Event: 3.706 Thread 0x00000248ebddd600 DEOPT UNPACKING pc=0x00000248875869a3 sp=0x00000095421fb230 mode 2
Event: 3.765 Thread 0x00000248ebddd600 DEOPT PACKING pc=0x00000248800e76b8 sp=0x00000095421fa330
Event: 3.765 Thread 0x00000248ebddd600 DEOPT UNPACKING pc=0x0000024887587143 sp=0x00000095421f9848 mode 0
Event: 3.994 Thread 0x00000248ebddd600 Uncommon trap: trap_request=0xffffff45 fr.pc=0x0000024887b1f5b0 relative=0x0000000000001d70
Event: 3.994 Thread 0x00000248ebddd600 Uncommon trap: reason=unstable_if action=reinterpret pc=0x0000024887b1f5b0 method=java.io.WinNTFileSystem.normalize(Ljava/lang/String;)Ljava/lang/String; @ 128 c2
Event: 3.994 Thread 0x00000248ebddd600 DEOPT PACKING pc=0x0000024887b1f5b0 sp=0x00000095421fba90
Event: 3.994 Thread 0x00000248ebddd600 DEOPT UNPACKING pc=0x00000248875869a3 sp=0x00000095421fba78 mode 2
Event: 4.668 Thread 0x00000248ebddd600 Uncommon trap: trap_request=0xffffff45 fr.pc=0x0000024887b04624 relative=0x0000000000000664
Event: 4.668 Thread 0x00000248ebddd600 Uncommon trap: reason=unstable_if action=reinterpret pc=0x0000024887b04624 method=java.lang.AbstractStringBuilder.append(Ljava/lang/String;)Ljava/lang/AbstractStringBuilder; @ 1 c2
Event: 4.668 Thread 0x00000248ebddd600 DEOPT PACKING pc=0x0000024887b04624 sp=0x00000095421fc820
Event: 4.668 Thread 0x00000248ebddd600 DEOPT UNPACKING pc=0x00000248875869a3 sp=0x00000095421fc7a0 mode 2
Event: 4.668 Thread 0x00000248ebddd600 Uncommon trap: trap_request=0xffffff45 fr.pc=0x0000024887b052a4 relative=0x0000000000000664
Event: 4.668 Thread 0x00000248ebddd600 Uncommon trap: reason=unstable_if action=reinterpret pc=0x0000024887b052a4 method=java.lang.AbstractStringBuilder.append(Ljava/lang/String;)Ljava/lang/AbstractStringBuilder; @ 1 c2
Event: 4.668 Thread 0x00000248ebddd600 DEOPT PACKING pc=0x0000024887b052a4 sp=0x00000095421fc7c0
Event: 4.668 Thread 0x00000248ebddd600 DEOPT UNPACKING pc=0x00000248875869a3 sp=0x00000095421fc7a8 mode 2
Event: 4.720 Thread 0x00000248ebddd600 Uncommon trap: trap_request=0xffffff45 fr.pc=0x0000024887b377f4 relative=0x0000000000000074
Event: 4.720 Thread 0x00000248ebddd600 Uncommon trap: reason=unstable_if action=reinterpret pc=0x0000024887b377f4 method=jdk.internal.misc.Unsafe.convEndian(ZI)I @ 4 c2
Event: 4.720 Thread 0x00000248ebddd600 DEOPT PACKING pc=0x0000024887b377f4 sp=0x00000095421faca0
Event: 4.720 Thread 0x00000248ebddd600 DEOPT UNPACKING pc=0x00000248875869a3 sp=0x00000095421fabd0 mode 2

Classes unloaded (0 events):
No events

Classes redefined (0 events):
No events

Internal exceptions (18 events):
Event: 0.986 Thread 0x00000248ebddd600 Exception <a 'java/lang/NoSuchMethodError'{0x000000008981b7d8}: 'int java.lang.invoke.DirectMethodHandle$Holder.invokeStaticInit(java.lang.Object, java.lang.Object)'> (0x000000008981b7d8) 
thrown [s\src\hotspot\share\interpreter\linkResolver.cpp, line 771]
Event: 2.982 Thread 0x00000248ebddd600 Exception <a 'java/lang/NoSuchMethodError'{0x0000000089460130}: 'void java.lang.invoke.DirectMethodHandle$Holder.invokeStatic(java.lang.Object, java.lang.Object)'> (0x0000000089460130) 
thrown [s\src\hotspot\share\interpreter\linkResolver.cpp, line 771]
Event: 3.039 Thread 0x00000248ebddd600 Exception <a 'java/lang/NoClassDefFoundError'{0x00000000894e87e8}: org/slf4j/impl/StaticMarkerBinder> (0x00000000894e87e8) 
thrown [s\src\hotspot\share\classfile\systemDictionary.cpp, line 245]
Event: 3.077 Thread 0x00000248ebddd600 Exception <a 'java/lang/NoSuchMethodError'{0x0000000089384ec0}: 'java.lang.Object java.lang.invoke.DirectMethodHandle$Holder.invokeVirtual(java.lang.Object, java.lang.Object, java.lang.Object, java.lang.Object, java.lang.Object, java.lang.Object, java.lang.Object)'> (0x0000000089384ec0) 
thrown [s\src\hotspot\share\interpreter\linkResolver.cpp, line 771]
Event: 3.081 Thread 0x00000248ebddd600 Exception <a 'java/lang/NoSuchMethodError'{0x00000000893964b8}: 'java.lang.Object java.lang.invoke.Invokers$Holder.invoker(java.lang.Object, java.lang.Object, java.lang.Object)'> (0x00000000893964b8) 
thrown [s\src\hotspot\share\interpreter\linkResolver.cpp, line 771]
Event: 3.087 Thread 0x00000248ebddd600 Exception <a 'java/lang/NoSuchMethodError'{0x000000008939f7c8}: 'java.lang.Object java.lang.invoke.DirectMethodHandle$Holder.invokeStatic(java.lang.Object, java.lang.Object, int)'> (0x000000008939f7c8) 
thrown [s\src\hotspot\share\interpreter\linkResolver.cpp, line 771]
Event: 3.091 Thread 0x00000248ebddd600 Exception <a 'java/lang/NoSuchMethodError'{0x00000000893ab4b8}: 'void java.lang.invoke.DelegatingMethodHandle$Holder.delegate(java.lang.Object, java.lang.Object, int, java.lang.Object)'> (0x00000000893ab4b8) 
thrown [s\src\hotspot\share\interpreter\linkResolver.cpp, line 771]
Event: 3.092 Thread 0x00000248ebddd600 Exception <a 'java/lang/NoSuchMethodError'{0x00000000893af600}: 'int java.lang.invoke.DirectMethodHandle$Holder.invokeSpecial(java.lang.Object, java.lang.Object, java.lang.Object)'> (0x00000000893af600) 
thrown [s\src\hotspot\share\interpreter\linkResolver.cpp, line 771]
Event: 3.099 Thread 0x00000248ebddd600 Exception <a 'java/lang/NoSuchMethodError'{0x00000000893c27b8}: 'java.lang.Object java.lang.invoke.Invokers$Holder.invokeExact_MT(java.lang.Object, java.lang.Object, java.lang.Object, java.lang.Object)'> (0x00000000893c27b8) 
thrown [s\src\hotspot\share\interpreter\linkResolver.cpp, line 771]
Event: 3.359 Thread 0x00000248ebddd600 Exception <a 'java/lang/NoSuchMethodError'{0x0000000088c05470}: 'void java.lang.invoke.DirectMethodHandle$Holder.invokeSpecial(java.lang.Object, java.lang.Object, java.lang.Object)'> (0x0000000088c05470) 
thrown [s\src\hotspot\share\interpreter\linkResolver.cpp, line 771]
Event: 3.431 Thread 0x00000248ebddd600 Implicit null exception at 0x0000024887b1948f to 0x0000024887b19a04
Event: 3.431 Thread 0x00000248ebddd600 Implicit null exception at 0x0000024887b0cb8f to 0x0000024887b0d10c
Event: 3.499 Thread 0x00000248ebddd600 Exception <a 'java/lang/NoSuchMethodError'{0x0000000088ba4c28}: 'java.lang.Object java.lang.invoke.DirectMethodHandle$Holder.invokeStaticInit(java.lang.Object)'> (0x0000000088ba4c28) 
thrown [s\src\hotspot\share\interpreter\linkResolver.cpp, line 771]
Event: 3.874 Thread 0x00000248ebddd600 Exception <a 'java/lang/NoSuchMethodError'{0x00000000898e92e0}: 'java.lang.Object java.lang.invoke.DirectMethodHandle$Holder.invokeStaticInit(java.lang.Object, int, int, int, int)'> (0x00000000898e92e0) 
thrown [s\src\hotspot\share\interpreter\linkResolver.cpp, line 771]
Event: 4.283 Thread 0x00000248ebddd600 Exception <a 'java/lang/NoSuchMethodError'{0x00000000897b4ef8}: 'java.lang.Object java.lang.invoke.DirectMethodHandle$Holder.invokeStaticInit(java.lang.Object, java.lang.Object, int, int, int, int)'> (0x00000000897b4ef8) 
thrown [s\src\hotspot\share\interpreter\linkResolver.cpp, line 771]
Event: 4.625 Thread 0x00000248ebddd600 Exception <a 'java/lang/NoSuchMethodError'{0x00000000897e3720}: 'void java.lang.invoke.DirectMethodHandle$Holder.invokeStatic(java.lang.Object, java.lang.Object, java.lang.Object)'> (0x00000000897e3720) 
thrown [s\src\hotspot\share\interpreter\linkResolver.cpp, line 771]
Event: 4.668 Thread 0x00000248ebddd600 Implicit null exception at 0x0000024887b03ff2 to 0x0000024887b0460c
Event: 4.668 Thread 0x00000248ebddd600 Implicit null exception at 0x0000024887b04c72 to 0x0000024887b0528c

VM Operations (20 events):
Event: 0.288 Executing VM operation: HandshakeAllThreads
Event: 0.288 Executing VM operation: HandshakeAllThreads done
Event: 1.299 Executing VM operation: Cleanup
Event: 1.300 Executing VM operation: Cleanup done
Event: 1.764 Executing VM operation: G1CollectForAllocation
Event: 1.776 Executing VM operation: G1CollectForAllocation done
Event: 2.211 Executing VM operation: HandshakeAllThreads
Event: 2.211 Executing VM operation: HandshakeAllThreads done
Event: 3.086 Executing VM operation: HandshakeAllThreads
Event: 3.086 Executing VM operation: HandshakeAllThreads done
Event: 3.086 Executing VM operation: Cleanup
Event: 3.086 Executing VM operation: Cleanup done
Event: 3.568 Executing VM operation: G1CollectForAllocation
Event: 3.575 Executing VM operation: G1CollectForAllocation done
Event: 3.715 Executing VM operation: HandshakeAllThreads
Event: 3.715 Executing VM operation: HandshakeAllThreads done
Event: 3.999 Executing VM operation: HandshakeAllThreads
Event: 3.999 Executing VM operation: HandshakeAllThreads done
Event: 5.006 Executing VM operation: Cleanup
Event: 5.006 Executing VM operation: Cleanup done

Events (20 events):
Event: 4.965 loading class java/util/concurrent/locks/AbstractQueuedSynchronizer$ExclusiveNode
Event: 4.965 loading class java/util/concurrent/locks/AbstractQueuedSynchronizer$ExclusiveNode done
Event: 4.965 loading class java/util/concurrent/ForkJoinPool
Event: 4.967 loading class java/util/concurrent/ForkJoinPool done
Event: 4.967 loading class java/lang/invoke/VarHandleInts$FieldStaticReadWrite
Event: 4.968 loading class java/lang/invoke/VarHandleInts$FieldStaticReadOnly
Event: 4.968 loading class java/lang/invoke/VarHandleInts$FieldStaticReadOnly done
Event: 4.968 loading class java/lang/invoke/VarHandleInts$FieldStaticReadWrite done
Event: 4.968 loading class java/util/concurrent/ForkJoinPool$DefaultForkJoinWorkerThreadFactory
Event: 4.968 loading class java/util/concurrent/ForkJoinPool$ForkJoinWorkerThreadFactory
Event: 4.968 loading class java/util/concurrent/ForkJoinPool$ForkJoinWorkerThreadFactory done
Event: 4.968 loading class java/util/concurrent/ForkJoinPool$DefaultForkJoinWorkerThreadFactory done
Event: 4.968 loading class java/util/concurrent/ForkJoinPool$1
Event: 4.968 loading class java/util/concurrent/ForkJoinPool$1 done
Event: 4.969 loading class java/util/concurrent/ForkJoinPool$DefaultCommonPoolForkJoinWorkerThreadFactory
Event: 4.969 loading class java/util/concurrent/ForkJoinPool$DefaultCommonPoolForkJoinWorkerThreadFactory done
Event: 4.969 loading class java/util/concurrent/ForkJoinPool$WorkQueue
Event: 4.969 loading class java/util/concurrent/ForkJoinPool$WorkQueue done
Event: 4.969 loading class java/util/concurrent/ForkJoinWorkerThread
Event: 4.969 loading class java/util/concurrent/ForkJoinWorkerThread done


Dynamic libraries:
0x00007ff66d3c0000 - 0x00007ff66d3ca000 	C:\Program Files\Android\Android Studio\jbr\bin\java.exe
0x00007ff9e1f70000 - 0x00007ff9e2168000 	C:\WINDOWS\SYSTEM32\ntdll.dll
0x00007ff9e0630000 - 0x00007ff9e06ed000 	C:\WINDOWS\System32\KERNEL32.DLL
0x00007ff9df750000 - 0x00007ff9dfa46000 	C:\WINDOWS\System32\KERNELBASE.dll
0x00007ff9dfcd0000 - 0x00007ff9dfdd0000 	C:\WINDOWS\System32\ucrtbase.dll
0x00007ff9cfb10000 - 0x00007ff9cfb27000 	C:\Program Files\Android\Android Studio\jbr\bin\jli.dll
0x00007ff9e03f0000 - 0x00007ff9e058f000 	C:\WINDOWS\System32\USER32.dll
0x00007ff9dff80000 - 0x00007ff9dffa2000 	C:\WINDOWS\System32\win32u.dll
0x00007ff9e1050000 - 0x00007ff9e107b000 	C:\WINDOWS\System32\GDI32.dll
0x00007ff9dfdd0000 - 0x00007ff9dfee7000 	C:\WINDOWS\System32\gdi32full.dll
0x00007ff9df630000 - 0x00007ff9df6cd000 	C:\WINDOWS\System32\msvcp_win.dll
0x00007ff9da800000 - 0x00007ff9da81b000 	C:\Program Files\Android\Android Studio\jbr\bin\VCRUNTIME140.dll
0x00007ff9cbbb0000 - 0x00007ff9cbe4a000 	C:\WINDOWS\WinSxS\amd64_microsoft.windows.common-controls_6595b64144ccf1df_6.0.19041.4355_none_60b8b9eb71f62e16\COMCTL32.dll
0x00007ff9e0590000 - 0x00007ff9e062e000 	C:\WINDOWS\System32\msvcrt.dll
0x00007ff9e1790000 - 0x00007ff9e17bf000 	C:\WINDOWS\System32\IMM32.DLL
0x00007ff9d9d90000 - 0x00007ff9d9d9c000 	C:\Program Files\Android\Android Studio\jbr\bin\vcruntime140_1.dll
0x00007ff9bbc00000 - 0x00007ff9bbc8d000 	C:\Program Files\Android\Android Studio\jbr\bin\msvcp140.dll
0x00007ff9aa4b0000 - 0x00007ff9ab133000 	C:\Program Files\Android\Android Studio\jbr\bin\server\jvm.dll
0x00007ff9e0240000 - 0x00007ff9e02f0000 	C:\WINDOWS\System32\ADVAPI32.dll
0x00007ff9e0030000 - 0x00007ff9e00d0000 	C:\WINDOWS\System32\sechost.dll
0x00007ff9e14d0000 - 0x00007ff9e15f3000 	C:\WINDOWS\System32\RPCRT4.dll
0x00007ff9df720000 - 0x00007ff9df747000 	C:\WINDOWS\System32\bcrypt.dll
0x00007ff9df480000 - 0x00007ff9df4cb000 	C:\WINDOWS\SYSTEM32\POWRPROF.dll
0x00007ff9d9ed0000 - 0x00007ff9d9ed9000 	C:\WINDOWS\SYSTEM32\WSOCK32.dll
0x00007ff9e1140000 - 0x00007ff9e11ab000 	C:\WINDOWS\System32\WS2_32.dll
0x00007ff9cc340000 - 0x00007ff9cc367000 	C:\WINDOWS\SYSTEM32\WINMM.dll
0x00007ff9d8ba0000 - 0x00007ff9d8baa000 	C:\WINDOWS\SYSTEM32\VERSION.dll
0x00007ff9df460000 - 0x00007ff9df472000 	C:\WINDOWS\SYSTEM32\UMPDC.dll
0x00007ff9dde30000 - 0x00007ff9dde42000 	C:\WINDOWS\SYSTEM32\kernel.appcore.dll
0x00007ff9dc7d0000 - 0x00007ff9dc7da000 	C:\Program Files\Android\Android Studio\jbr\bin\jimage.dll
0x00007ff9ddbf0000 - 0x00007ff9dddd4000 	C:\WINDOWS\SYSTEM32\DBGHELP.DLL
0x00007ff9bfce0000 - 0x00007ff9bfd14000 	C:\WINDOWS\SYSTEM32\dbgcore.DLL
0x00007ff9dfef0000 - 0x00007ff9dff72000 	C:\WINDOWS\System32\bcryptPrimitives.dll
0x00007ff9d76e0000 - 0x00007ff9d7705000 	C:\Program Files\Android\Android Studio\jbr\bin\java.dll
0x00007ff9d9dc0000 - 0x00007ff9d9dd8000 	C:\Program Files\Android\Android Studio\jbr\bin\zip.dll
0x00007ff9e17c0000 - 0x00007ff9e1f2c000 	C:\WINDOWS\System32\SHELL32.dll
0x00007ff9dd380000 - 0x00007ff9ddb1d000 	C:\WINDOWS\SYSTEM32\windows.storage.dll
0x00007ff9e0cf0000 - 0x00007ff9e1043000 	C:\WINDOWS\System32\combase.dll
0x00007ff9deea0000 - 0x00007ff9deece000 	C:\WINDOWS\SYSTEM32\Wldp.dll
0x00007ff9e0320000 - 0x00007ff9e03ed000 	C:\WINDOWS\System32\OLEAUT32.dll
0x00007ff9e1090000 - 0x00007ff9e113d000 	C:\WINDOWS\System32\SHCORE.dll
0x00007ff9e01e0000 - 0x00007ff9e0235000 	C:\WINDOWS\System32\shlwapi.dll
0x00007ff9df560000 - 0x00007ff9df584000 	C:\WINDOWS\SYSTEM32\profapi.dll
0x00007ff9d9d60000 - 0x00007ff9d9d79000 	C:\Program Files\Android\Android Studio\jbr\bin\net.dll
0x00007ff9d53e0000 - 0x00007ff9d54ea000 	C:\WINDOWS\SYSTEM32\WINHTTP.dll
0x00007ff9dec80000 - 0x00007ff9decea000 	C:\WINDOWS\system32\mswsock.dll
0x00007ff9d8290000 - 0x00007ff9d82a6000 	C:\Program Files\Android\Android Studio\jbr\bin\nio.dll
0x00007ff9d9810000 - 0x00007ff9d9820000 	C:\Program Files\Android\Android Studio\jbr\bin\verify.dll
0x00007ff9d9ba0000 - 0x00007ff9d9bc7000 	C:\Users\USER\.gradle\native\c067742578af261105cb4f569cf0c3c89f3d7b1fecec35dd04571415982c5e48\windows-amd64\native-platform.dll
0x00007ff9da790000 - 0x00007ff9da799000 	C:\Program Files\Android\Android Studio\jbr\bin\management.dll
0x00007ff9d9b20000 - 0x00007ff9d9b2b000 	C:\Program Files\Android\Android Studio\jbr\bin\management_ext.dll
0x00007ff9e1080000 - 0x00007ff9e1088000 	C:\WINDOWS\System32\PSAPI.DLL
0x00007ff9deee0000 - 0x00007ff9deef8000 	C:\WINDOWS\SYSTEM32\CRYPTSP.dll
0x00007ff9de5c0000 - 0x00007ff9de5f4000 	C:\WINDOWS\system32\rsaenh.dll
0x00007ff9df510000 - 0x00007ff9df53e000 	C:\WINDOWS\SYSTEM32\USERENV.dll
0x00007ff9dee10000 - 0x00007ff9dee1c000 	C:\WINDOWS\SYSTEM32\CRYPTBASE.dll
0x00007ff9de980000 - 0x00007ff9de9bb000 	C:\WINDOWS\SYSTEM32\IPHLPAPI.DLL
0x00007ff9e1720000 - 0x00007ff9e1728000 	C:\WINDOWS\System32\NSI.dll
0x00007ff9d6160000 - 0x00007ff9d6177000 	C:\WINDOWS\SYSTEM32\dhcpcsvc6.DLL
0x00007ff9d77b0000 - 0x00007ff9d77cd000 	C:\WINDOWS\SYSTEM32\dhcpcsvc.DLL
0x00007ff9de9c0000 - 0x00007ff9dea8a000 	C:\WINDOWS\SYSTEM32\DNSAPI.dll
0x00007ff9da7f0000 - 0x00007ff9da7f9000 	C:\Program Files\Android\Android Studio\jbr\bin\extnet.dll
0x00007ff9da820000 - 0x00007ff9da827000 	C:\WINDOWS\system32\wshunix.dll

dbghelp: loaded successfully - version: 4.0.5 - missing functions: none
symbol engine: initialized successfully - sym options: 0x614 - pdb path: .;C:\Program Files\Android\Android Studio\jbr\bin;C:\WINDOWS\SYSTEM32;C:\WINDOWS\WinSxS\amd64_microsoft.windows.common-controls_6595b64144ccf1df_6.0.19041.4355_none_60b8b9eb71f62e16;C:\Program Files\Android\Android Studio\jbr\bin\server;C:\Users\USER\.gradle\native\c067742578af261105cb4f569cf0c3c89f3d7b1fecec35dd04571415982c5e48\windows-amd64

VM Arguments:
jvm_args: -Dorg.gradle.appname=gradlew 
java_command: org.gradle.wrapper.GradleWrapperMain -q -Ptarget-platform=android-x64 -Ptarget=C:\Users\USER\AndroidStudioProjects\tz_garage_app\lib\main.dart -Pbase-application-name=android.app.Application -Pdart-defines=Zmx1dHRlci5pbnNwZWN0b3Iuc3RydWN0dXJlZEVycm9ycz10cnVl,RkxVVFRFUl9XRUJfQ0FOVkFTS0lUX1VSTD1odHRwczovL3d3dy5nc3RhdGljLmNvbS9mbHV0dGVyLWNhbnZhc2tpdC9lZGQ4NTQ2MTE2NDU3YmRmMWM1YmRmYjEzZWNiOTQ2M2QyYmI1ZWQ0Lw== -Pdart-obfuscation=false -Ptrack-widget-creation=true -Ptree-shake-icons=false -Pfilesystem-scheme=org-dartlang-root assembleDebug
java_class_path (initial): C:\Users\USER\AndroidStudioProjects\tz_garage_app\android\\gradle\wrapper\gradle-wrapper.jar
Launcher Type: SUN_STANDARD

[Global flags]
     intx CICompilerCount                          = 3                                         {product} {ergonomic}
     uint ConcGCThreads                            = 1                                         {product} {ergonomic}
     uint G1ConcRefinementThreads                  = 4                                         {product} {ergonomic}
   size_t G1HeapRegionSize                         = 1048576                                   {product} {ergonomic}
    uintx GCDrainStackTargetSize                   = 64                                        {product} {ergonomic}
   size_t InitialHeapSize                          = 134217728                                 {product} {ergonomic}
   size_t MarkStackSize                            = 4194304                                   {product} {ergonomic}
   size_t MaxHeapSize                              = 2118123520                                {product} {ergonomic}
   size_t MaxNewSize                               = 1270874112                                {product} {ergonomic}
   size_t MinHeapDeltaBytes                        = 1048576                                   {product} {ergonomic}
   size_t MinHeapSize                              = 8388608                                   {product} {ergonomic}
    uintx NonNMethodCodeHeapSize                   = 5832780                                {pd product} {ergonomic}
    uintx NonProfiledCodeHeapSize                  = 122912730                              {pd product} {ergonomic}
    uintx ProfiledCodeHeapSize                     = 122912730                              {pd product} {ergonomic}
    uintx ReservedCodeCacheSize                    = 251658240                              {pd product} {ergonomic}
     bool SegmentedCodeCache                       = true                                      {product} {ergonomic}
   size_t SoftMaxHeapSize                          = 2118123520                             {manageable} {ergonomic}
     bool UseCompressedClassPointers               = true                           {product lp64_product} {ergonomic}
     bool UseCompressedOops                        = true                           {product lp64_product} {ergonomic}
     bool UseG1GC                                  = true                                      {product} {ergonomic}
     bool UseLargePagesIndividualAllocation        = false                                  {pd product} {ergonomic}

Logging:
Log output configuration:
 #0: stdout all=warning uptime,level,tags
 #1: stderr all=off uptime,level,tags

Environment Variables:
JAVA_HOME=C:\Program Files\Android\Android Studio\jbr
CLASSPATH=C:\Users\USER\AndroidStudioProjects\tz_garage_app\android\\gradle\wrapper\gradle-wrapper.jar
PATH=C:\Program Files\Android\Android Studio\jbr\bin;C:\Program Files\Common Files\Oracle\Java\javapath;C:\Program Files (x86)\Common Files\Oracle\Java\javapath;C:\WINDOWS\system32;C:\WINDOWS;C:\WINDOWS\System32\Wbem;C:\WINDOWS\System32\WindowsPowerShell\v1.0\;C:\WINDOWS\System32\OpenSSH\;C:\Program Files\nodejs\;C:\ProgramData\chocolatey\bin;C:\Program Files\Microsoft SQL Server\150\Tools\Binn\;C:\Program Files\Git\cmd;C:\Users\USER\AppData\Local\Android\android-sdk\tools\bin;C:\Program Files\dotnet\;C:\xampp\php;C:\Users\USER\scoop\shims;C:\Users\USER\AppData\Local\Microsoft\WindowsApps;C:\Users\USER\AppData\Roaming\npm;C:\Users\USER\AppData\Local\Programs\Microsoft VS Code\bin;C:\src\flutter\bin;C:\Users\USER\.dotnet\tools;C:\Users\USER\AppData\Local\Pub\Cache\bin;C:\Program Files\Java\jre-1.8\bin;;C:\src\flutter\bin\mingit\cmd
USERNAME=USER
OS=Windows_NT
PROCESSOR_IDENTIFIER=Intel64 Family 6 Model 78 Stepping 3, GenuineIntel
TMP=C:\Users\USER\AppData\Local\Temp
TEMP=C:\Users\USER\AppData\Local\Temp



Periodic native trim disabled

JNI global refs:
JNI global refs: 18, weak refs: 0

JNI global refs memory usage: 843, weak refs: 209

OOME stack traces (most recent first):
Classloader memory used:
Loader bootstrap                                                                       : 1486K
Loader org.gradle.internal.classloader.VisitableURLClassLoader                         : 465K
Loader java.net.URLClassLoader                                                         : 26124B
Loader jdk.internal.loader.ClassLoaders$AppClassLoader                                 : 18431B
Loader jdk.internal.loader.ClassLoaders$PlatformClassLoader                            : 14154B

Classes loaded by more than one classloader:
Class org.gradle.internal.installation.GradleInstallation                             : loaded 2 times (x 73B)
Class org.gradle.cli.ParsedCommandLine                                                : loaded 2 times (x 78B)
Class org.gradle.internal.classpath.ClassPath                                         : loaded 2 times (x 68B)
Class org.gradle.api.Action                                                           : loaded 2 times (x 68B)
Class org.gradle.cli.CommandLineParser$OptionString                                   : loaded 2 times (x 71B)
Class org.gradle.internal.installation.GradleInstallation$1                           : loaded 2 times (x 73B)
Class org.gradle.cli.CommandLineParser$AfterOptions                                   : loaded 2 times (x 75B)
Class org.gradle.cli.CommandLineParser$AfterFirstSubCommand                           : loaded 2 times (x 75B)
Class org.gradle.internal.service.UnknownServiceException                             : loaded 2 times (x 81B)
Class org.gradle.api.GradleException                                                  : loaded 2 times (x 80B)
Class org.gradle.api.internal.classpath.ModuleRegistry                                : loaded 2 times (x 68B)
Class org.gradle.cli.CommandLineParser$KnownOptionParserState                         : loaded 2 times (x 74B)
Class org.gradle.cli.AbstractPropertiesCommandLineConverter                           : loaded 2 times (x 81B)
Class org.gradle.api.specs.Spec                                                       : loaded 2 times (x 68B)
Class org.gradle.cli.SystemPropertiesCommandLineConverter                             : loaded 2 times (x 81B)
Class org.gradle.internal.IoActions                                                   : loaded 2 times (x 69B)
Class org.gradle.internal.installation.CurrentGradleInstallation                      : loaded 2 times (x 71B)
Class org.gradle.internal.installation.CurrentGradleInstallationLocator               : loaded 2 times (x 69B)
Class org.gradle.internal.classpath.DefaultClassPath                                  : loaded 2 times (x 88B)
Class org.gradle.api.Transformer                                                      : loaded 2 times (x 68B)
Class org.gradle.cli.CommandLineParser                                                : loaded 2 times (x 77B)
Class org.gradle.cli.CommandLineParser$BeforeFirstSubCommand                          : loaded 2 times (x 75B)
Class org.gradle.cli.CommandLineOption                                                : loaded 2 times (x 84B)
Class org.gradle.cli.CommandLineParser$ParserState                                    : loaded 2 times (x 74B)
Class org.gradle.cli.CommandLineParser$MissingOptionArgState                          : loaded 2 times (x 75B)
Class org.gradle.api.UncheckedIOException                                             : loaded 2 times (x 80B)
Class org.gradle.cli.ParsedCommandLineOption                                          : loaded 2 times (x 74B)
Class org.gradle.internal.classloader.ClasspathUtil                                   : loaded 2 times (x 69B)
Class org.gradle.cli.CommandLineParser$UnknownOptionParserState                       : loaded 2 times (x 74B)
Class org.gradle.internal.service.ServiceLookupException                              : loaded 2 times (x 80B)
Class org.gradle.util.internal.GUtil                                                  : loaded 2 times (x 69B)
Class org.gradle.cli.CommandLineParser$OptionAwareParserState                         : loaded 2 times (x 75B)
Class org.gradle.cli.CommandLineParser$OptionParserState                              : loaded 2 times (x 73B)
Class org.gradle.internal.Cast                                                        : loaded 2 times (x 69B)
Class org.gradle.cli.CommandLineConverter                                             : loaded 2 times (x 68B)
Class org.gradle.internal.classpath.DefaultClassPath$ImmutableUniqueList              : loaded 2 times (x 159B)
Class org.gradle.cli.AbstractCommandLineConverter                                     : loaded 2 times (x 77B)
Class org.gradle.cli.CommandLineArgumentException                                     : loaded 2 times (x 80B)


---------------  S Y S T E M  ---------------

OS:
 Windows 10 , 64 bit Build 19041 (10.0.19041.3636)
OS uptime: 1 days 19:50 hours
Hyper-V role detected

CPU: total 4 (initial active 4) (2 cores per cpu, 2 threads per core) family 6 model 78 stepping 3 microcode 0xcc, cx8, cmov, fxsr, ht, mmx, 3dnowpref, sse, sse2, sse3, ssse3, sse4.1, sse4.2, popcnt, lzcnt, tsc, tscinvbit, avx, avx2, aes, erms, clmul, bmi1, bmi2, rtm, adx, fma, vzeroupper, clflush, clflushopt, hv
Processor Information for all 4 processors :
  Max Mhz: 2501, Current Mhz: 2501, Mhz Limit: 2501

Memory: 4k page, system-wide physical 8079M (466M free)
TotalPageFile size 23172M (AvailPageFile size 3M)
current process WorkingSet (physical memory assigned to process): 83M, peak: 85M
current process commit charge ("private bytes"): 218M, peak: 221M

vm_info: OpenJDK 64-Bit Server VM (17.0.10+0--11609105) for windows-amd64 JRE (17.0.10+0--11609105), built on Mar 21 2024 19:10:56 by "androidbuild" with MS VC++ 16.10 / 16.11 (VS2019)

END.
